The target system is: iOS - 14.1 - aarch64
The host system is: Darwin - 19.6.0 - x86_64
Compiling the C compiler identification source file "CMakeCCompilerId.c" succeeded.
Compiler: /Applications/Xcode.app/Contents/Developer/Toolchains/XcodeDefault.xctoolchain/usr/bin/clang 
Build flags: 
Id flags:  

The output was:
0
2020-10-30 18:51:47.754 xcodebuild[24266:49481370] [MT] PluginLoading: Required plug-in compatibility UUID 6C8909A0-F208-4C21-9224-504F9A70056E for plug-in at path '~/Library/Application Support/Developer/Shared/Xcode/Plug-ins/OMColorSense.xcplugin' not present in DVTPlugInCompatibilityUUIDs
Command line invocation:
    /Applications/Xcode.app/Contents/Developer/usr/bin/xcodebuild

note: Using new build system
note: Planning build
note: Constructing build description
warning: Traditional headermap style is no longer supported; please migrate to using separate headermaps and set 'ALWAYS_SEARCH_USER_PATHS' to NO. (in target 'CompilerIdC' from project 'CompilerIdC')
CreateBuildDirectory /Users/zing/Demo/DDLTG/build/CMakeFiles/3.18.0/CompilerIdC (in target 'CompilerIdC' from project 'CompilerIdC')
    cd /Users/zing/Demo/DDLTG/build/CMakeFiles/3.18.0/CompilerIdC
    builtin-create-build-directory /Users/zing/Demo/DDLTG/build/CMakeFiles/3.18.0/CompilerIdC

MkDir /Users/zing/Demo/DDLTG/build/CMakeFiles/3.18.0/CompilerIdC/CompilerIdC.xctest (in target 'CompilerIdC' from project 'CompilerIdC')
    cd /Users/zing/Demo/DDLTG/build/CMakeFiles/3.18.0/CompilerIdC
    /bin/mkdir -p /Users/zing/Demo/DDLTG/build/CMakeFiles/3.18.0/CompilerIdC/CompilerIdC.xctest

WriteAuxiliaryFile /Users/zing/Demo/DDLTG/build/CMakeFiles/3.18.0/CompilerIdC/CompilerIdC.build/Debug-iphoneos/CompilerIdC.build/CompilerIdC-all-non-framework-target-headers.hmap (in target 'CompilerIdC' from project 'CompilerIdC')
    cd /Users/zing/Demo/DDLTG/build/CMakeFiles/3.18.0/CompilerIdC
    write-file /Users/zing/Demo/DDLTG/build/CMakeFiles/3.18.0/CompilerIdC/CompilerIdC.build/Debug-iphoneos/CompilerIdC.build/CompilerIdC-all-non-framework-target-headers.hmap

WriteAuxiliaryFile /Users/zing/Demo/DDLTG/build/CMakeFiles/3.18.0/CompilerIdC/CompilerIdC.build/Debug-iphoneos/CompilerIdC.build/CompilerIdC.hmap (in target 'CompilerIdC' from project 'CompilerIdC')
    cd /Users/zing/Demo/DDLTG/build/CMakeFiles/3.18.0/CompilerIdC
    write-file /Users/zing/Demo/DDLTG/build/CMakeFiles/3.18.0/CompilerIdC/CompilerIdC.build/Debug-iphoneos/CompilerIdC.build/CompilerIdC.hmap

WriteAuxiliaryFile /Users/zing/Demo/DDLTG/build/CMakeFiles/3.18.0/CompilerIdC/CompilerIdC.build/Debug-iphoneos/CompilerIdC.build/CompilerIdC-project-headers.hmap (in target 'CompilerIdC' from project 'CompilerIdC')
    cd /Users/zing/Demo/DDLTG/build/CMakeFiles/3.18.0/CompilerIdC
    write-file /Users/zing/Demo/DDLTG/build/CMakeFiles/3.18.0/CompilerIdC/CompilerIdC.build/Debug-iphoneos/CompilerIdC.build/CompilerIdC-project-headers.hmap

WriteAuxiliaryFile /Users/zing/Demo/DDLTG/build/CMakeFiles/3.18.0/CompilerIdC/CompilerIdC.build/Debug-iphoneos/CompilerIdC.build/all-product-headers.yaml (in target 'CompilerIdC' from project 'CompilerIdC')
    cd /Users/zing/Demo/DDLTG/build/CMakeFiles/3.18.0/CompilerIdC
    write-file /Users/zing/Demo/DDLTG/build/CMakeFiles/3.18.0/CompilerIdC/CompilerIdC.build/Debug-iphoneos/CompilerIdC.build/all-product-headers.yaml

WriteAuxiliaryFile /Users/zing/Demo/DDLTG/build/CMakeFiles/3.18.0/CompilerIdC/CompilerIdC.build/Debug-iphoneos/CompilerIdC.build/CompilerIdC-generated-files.hmap (in target 'CompilerIdC' from project 'CompilerIdC')
    cd /Users/zing/Demo/DDLTG/build/CMakeFiles/3.18.0/CompilerIdC
    write-file /Users/zing/Demo/DDLTG/build/CMakeFiles/3.18.0/CompilerIdC/CompilerIdC.build/Debug-iphoneos/CompilerIdC.build/CompilerIdC-generated-files.hmap

WriteAuxiliaryFile /Users/zing/Demo/DDLTG/build/CMakeFiles/3.18.0/CompilerIdC/CompilerIdC.build/Debug-iphoneos/CompilerIdC.build/CompilerIdC-own-target-headers.hmap (in target 'CompilerIdC' from project 'CompilerIdC')
    cd /Users/zing/Demo/DDLTG/build/CMakeFiles/3.18.0/CompilerIdC
    write-file /Users/zing/Demo/DDLTG/build/CMakeFiles/3.18.0/CompilerIdC/CompilerIdC.build/Debug-iphoneos/CompilerIdC.build/CompilerIdC-own-target-headers.hmap

WriteAuxiliaryFile /Users/zing/Demo/DDLTG/build/CMakeFiles/3.18.0/CompilerIdC/CompilerIdC.build/Debug-iphoneos/CompilerIdC.build/CompilerIdC-all-target-headers.hmap (in target 'CompilerIdC' from project 'CompilerIdC')
    cd /Users/zing/Demo/DDLTG/build/CMakeFiles/3.18.0/CompilerIdC
    write-file /Users/zing/Demo/DDLTG/build/CMakeFiles/3.18.0/CompilerIdC/CompilerIdC.build/Debug-iphoneos/CompilerIdC.build/CompilerIdC-all-target-headers.hmap

CompileC /Users/zing/Demo/DDLTG/build/CMakeFiles/3.18.0/CompilerIdC/CompilerIdC.build/Debug-iphoneos/CompilerIdC.build/Objects-normal/arm64/CMakeCCompilerId.o /Users/zing/Demo/DDLTG/build/CMakeFiles/3.18.0/CompilerIdC/CMakeCCompilerId.c normal arm64 c com.apple.compilers.llvm.clang.1_0.compiler (in target 'CompilerIdC' from project 'CompilerIdC')
    cd /Users/zing/Demo/DDLTG/build/CMakeFiles/3.18.0/CompilerIdC
    export LANG\=en_US.US-ASCII
    /Applications/Xcode.app/Contents/Developer/Toolchains/XcodeDefault.xctoolchain/usr/bin/clang -x c -target arm64-apple-ios14.1 -fmessage-length\=0 -fdiagnostics-show-note-include-stack -fmacro-backtrace-limit\=0 -Wno-trigraphs -fpascal-strings -Os -Wno-missing-field-initializers -Wno-missing-prototypes -Wno-return-type -Wno-missing-braces -Wparentheses -Wswitch -Wno-unused-function -Wno-unused-label -Wno-unused-parameter -Wno-unused-variable -Wunused-value -Wno-empty-body -Wno-uninitialized -Wno-unknown-pragmas -Wno-shadow -Wno-four-char-constants -Wno-conversion -Wno-constant-conversion -Wno-int-conversion -Wno-bool-conversion -Wno-enum-conversion -Wno-float-conversion -Wno-non-literal-null-conversion -Wno-objc-literal-conversion -Wshorten-64-to-32 -Wpointer-sign -Wno-newline-eof -isysroot /Applications/Xcode.app/Contents/Developer/Platforms/iPhoneOS.platform/Developer/SDKs/iPhoneOS14.1.sdk -fstrict-aliasing -Wdeprecated-declarations -g -Wno-sign-conversion -Wno-infinite-recursion -Wno-comma -Wno-block-capture-autoreleasing -Wno-strict-prototypes -Wno-semicolon-before-method-body -iquote /Users/zing/Demo/DDLTG/build/CMakeFiles/3.18.0/CompilerIdC/CompilerIdC.build/Debug-iphoneos/CompilerIdC.build/CompilerIdC-generated-files.hmap -I/Users/zing/Demo/DDLTG/build/CMakeFiles/3.18.0/CompilerIdC/CompilerIdC.build/Debug-iphoneos/CompilerIdC.build/CompilerIdC-own-target-headers.hmap -I/Users/zing/Demo/DDLTG/build/CMakeFiles/3.18.0/CompilerIdC/CompilerIdC.build/Debug-iphoneos/CompilerIdC.build/CompilerIdC-all-target-headers.hmap -iquote /Users/zing/Demo/DDLTG/build/CMakeFiles/3.18.0/CompilerIdC/CompilerIdC.build/Debug-iphoneos/CompilerIdC.build/CompilerIdC-project-headers.hmap -I/Users/zing/Demo/DDLTG/build/CMakeFiles/3.18.0/CompilerIdC/include -I/Users/zing/Demo/DDLTG/build/CMakeFiles/3.18.0/CompilerIdC/CompilerIdC.build/Debug-iphoneos/CompilerIdC.build/DerivedSources-normal/arm64 -I/Users/zing/Demo/DDLTG/build/CMakeFiles/3.18.0/CompilerIdC/CompilerIdC.build/Debug-iphoneos/CompilerIdC.build/DerivedSources/arm64 -I/Users/zing/Demo/DDLTG/build/CMakeFiles/3.18.0/CompilerIdC/CompilerIdC.build/Debug-iphoneos/CompilerIdC.build/DerivedSources -F/Users/zing/Demo/DDLTG/build/CMakeFiles/3.18.0/CompilerIdC -iframework /Applications/Xcode.app/Contents/Developer/Platforms/iPhoneOS.platform/Developer/Library/Frameworks -iframework /Applications/Xcode.app/Contents/Developer/Platforms/iPhoneOS.platform/Developer/SDKs/iPhoneOS14.1.sdk/Developer/Library/Frameworks -MMD -MT dependencies -MF /Users/zing/Demo/DDLTG/build/CMakeFiles/3.18.0/CompilerIdC/CompilerIdC.build/Debug-iphoneos/CompilerIdC.build/Objects-normal/arm64/CMakeCCompilerId.d --serialize-diagnostics /Users/zing/Demo/DDLTG/build/CMakeFiles/3.18.0/CompilerIdC/CompilerIdC.build/Debug-iphoneos/CompilerIdC.build/Objects-normal/arm64/CMakeCCompilerId.dia -c /Users/zing/Demo/DDLTG/build/CMakeFiles/3.18.0/CompilerIdC/CMakeCCompilerId.c -o /Users/zing/Demo/DDLTG/build/CMakeFiles/3.18.0/CompilerIdC/CompilerIdC.build/Debug-iphoneos/CompilerIdC.build/Objects-normal/arm64/CMakeCCompilerId.o

WriteAuxiliaryFile /Users/zing/Demo/DDLTG/build/CMakeFiles/3.18.0/CompilerIdC/CompilerIdC.build/Debug-iphoneos/CompilerIdC.build/Objects-normal/arm64/CompilerIdC.LinkFileList (in target 'CompilerIdC' from project 'CompilerIdC')
    cd /Users/zing/Demo/DDLTG/build/CMakeFiles/3.18.0/CompilerIdC
    write-file /Users/zing/Demo/DDLTG/build/CMakeFiles/3.18.0/CompilerIdC/CompilerIdC.build/Debug-iphoneos/CompilerIdC.build/Objects-normal/arm64/CompilerIdC.LinkFileList

Ld /Users/zing/Demo/DDLTG/build/CMakeFiles/3.18.0/CompilerIdC/CompilerIdC.xctest/CompilerIdC normal (in target 'CompilerIdC' from project 'CompilerIdC')
    cd /Users/zing/Demo/DDLTG/build/CMakeFiles/3.18.0/CompilerIdC
    /Applications/Xcode.app/Contents/Developer/Toolchains/XcodeDefault.xctoolchain/usr/bin/clang -target arm64-apple-ios14.1 -bundle -isysroot /Applications/Xcode.app/Contents/Developer/Platforms/iPhoneOS.platform/Developer/SDKs/iPhoneOS14.1.sdk -L/Users/zing/Demo/DDLTG/build/CMakeFiles/3.18.0/CompilerIdC -L/Applications/Xcode.app/Contents/Developer/Platforms/iPhoneOS.platform/Developer/usr/lib -F/Users/zing/Demo/DDLTG/build/CMakeFiles/3.18.0/CompilerIdC -iframework /Applications/Xcode.app/Contents/Developer/Platforms/iPhoneOS.platform/Developer/Library/Frameworks -iframework /Applications/Xcode.app/Contents/Developer/Platforms/iPhoneOS.platform/Developer/SDKs/iPhoneOS14.1.sdk/Developer/Library/Frameworks -filelist /Users/zing/Demo/DDLTG/build/CMakeFiles/3.18.0/CompilerIdC/CompilerIdC.build/Debug-iphoneos/CompilerIdC.build/Objects-normal/arm64/CompilerIdC.LinkFileList -dead_strip -Xlinker -object_path_lto -Xlinker /Users/zing/Demo/DDLTG/build/CMakeFiles/3.18.0/CompilerIdC/CompilerIdC.build/Debug-iphoneos/CompilerIdC.build/Objects-normal/arm64/CompilerIdC_lto.o -framework XCTest -Xlinker -dependency_info -Xlinker /Users/zing/Demo/DDLTG/build/CMakeFiles/3.18.0/CompilerIdC/CompilerIdC.build/Debug-iphoneos/CompilerIdC.build/Objects-normal/arm64/CompilerIdC_dependency_info.dat -o /Users/zing/Demo/DDLTG/build/CMakeFiles/3.18.0/CompilerIdC/CompilerIdC.xctest/CompilerIdC

WriteAuxiliaryFile /Users/zing/Demo/DDLTG/build/CMakeFiles/3.18.0/CompilerIdC/CompilerIdC.build/Debug-iphoneos/CompilerIdC.build/Script-2C8FEB8E15DC1A1A00E56A5D.sh (in target 'CompilerIdC' from project 'CompilerIdC')
    cd /Users/zing/Demo/DDLTG/build/CMakeFiles/3.18.0/CompilerIdC
    write-file /Users/zing/Demo/DDLTG/build/CMakeFiles/3.18.0/CompilerIdC/CompilerIdC.build/Debug-iphoneos/CompilerIdC.build/Script-2C8FEB8E15DC1A1A00E56A5D.sh

GenerateDSYMFile /Users/zing/Demo/DDLTG/build/CMakeFiles/3.18.0/CompilerIdC/CompilerIdC.xctest.dSYM /Users/zing/Demo/DDLTG/build/CMakeFiles/3.18.0/CompilerIdC/CompilerIdC.xctest/CompilerIdC (in target 'CompilerIdC' from project 'CompilerIdC')
    cd /Users/zing/Demo/DDLTG/build/CMakeFiles/3.18.0/CompilerIdC
    /Applications/Xcode.app/Contents/Developer/Toolchains/XcodeDefault.xctoolchain/usr/bin/dsymutil /Users/zing/Demo/DDLTG/build/CMakeFiles/3.18.0/CompilerIdC/CompilerIdC.xctest/CompilerIdC -o /Users/zing/Demo/DDLTG/build/CMakeFiles/3.18.0/CompilerIdC/CompilerIdC.xctest.dSYM

PhaseScriptExecution Run\ Script /Users/zing/Demo/DDLTG/build/CMakeFiles/3.18.0/CompilerIdC/CompilerIdC.build/Debug-iphoneos/CompilerIdC.build/Script-2C8FEB8E15DC1A1A00E56A5D.sh (in target 'CompilerIdC' from project 'CompilerIdC')
    cd /Users/zing/Demo/DDLTG/build/CMakeFiles/3.18.0/CompilerIdC
    /bin/sh -c /Users/zing/Demo/DDLTG/build/CMakeFiles/3.18.0/CompilerIdC/CompilerIdC.build/Debug-iphoneos/CompilerIdC.build/Script-2C8FEB8E15DC1A1A00E56A5D.sh
GCC_VERSION=com.apple.compilers.llvm.clang.1_0
ARCHS=arm64

RegisterExecutionPolicyException /Users/zing/Demo/DDLTG/build/CMakeFiles/3.18.0/CompilerIdC/CompilerIdC.xctest (in target 'CompilerIdC' from project 'CompilerIdC')
    cd /Users/zing/Demo/DDLTG/build/CMakeFiles/3.18.0/CompilerIdC
    builtin-RegisterExecutionPolicyException /Users/zing/Demo/DDLTG/build/CMakeFiles/3.18.0/CompilerIdC/CompilerIdC.xctest

Touch /Users/zing/Demo/DDLTG/build/CMakeFiles/3.18.0/CompilerIdC/CompilerIdC.xctest (in target 'CompilerIdC' from project 'CompilerIdC')
    cd /Users/zing/Demo/DDLTG/build/CMakeFiles/3.18.0/CompilerIdC
    /usr/bin/touch -c /Users/zing/Demo/DDLTG/build/CMakeFiles/3.18.0/CompilerIdC/CompilerIdC.xctest

** BUILD SUCCEEDED **



Compilation of the C compiler identification source "CMakeCCompilerId.c" produced "CompilerIdC.xctest/CompilerIdC"

The C compiler identification is AppleClang, found in "/Users/zing/Demo/DDLTG/build/CMakeFiles/3.18.0/CompilerIdC/CompilerIdC.xctest/CompilerIdC"

Compiling the CXX compiler identification source file "CMakeCXXCompilerId.cpp" succeeded.
Compiler: /Applications/Xcode.app/Contents/Developer/Toolchains/XcodeDefault.xctoolchain/usr/bin/clang++ 
Build flags: 
Id flags:  

The output was:
0
2020-10-30 18:51:50.175 xcodebuild[24284:49481667] [MT] PluginLoading: Required plug-in compatibility UUID 6C8909A0-F208-4C21-9224-504F9A70056E for plug-in at path '~/Library/Application Support/Developer/Shared/Xcode/Plug-ins/OMColorSense.xcplugin' not present in DVTPlugInCompatibilityUUIDs
Command line invocation:
    /Applications/Xcode.app/Contents/Developer/usr/bin/xcodebuild

note: Using new build system
note: Planning build
note: Constructing build description
warning: Traditional headermap style is no longer supported; please migrate to using separate headermaps and set 'ALWAYS_SEARCH_USER_PATHS' to NO. (in target 'CompilerIdCXX' from project 'CompilerIdCXX')
CreateBuildDirectory /Users/zing/Demo/DDLTG/build/CMakeFiles/3.18.0/CompilerIdCXX (in target 'CompilerIdCXX' from project 'CompilerIdCXX')
    cd /Users/zing/Demo/DDLTG/build/CMakeFiles/3.18.0/CompilerIdCXX
    builtin-create-build-directory /Users/zing/Demo/DDLTG/build/CMakeFiles/3.18.0/CompilerIdCXX

MkDir /Users/zing/Demo/DDLTG/build/CMakeFiles/3.18.0/CompilerIdCXX/CompilerIdCXX.xctest (in target 'CompilerIdCXX' from project 'CompilerIdCXX')
    cd /Users/zing/Demo/DDLTG/build/CMakeFiles/3.18.0/CompilerIdCXX
    /bin/mkdir -p /Users/zing/Demo/DDLTG/build/CMakeFiles/3.18.0/CompilerIdCXX/CompilerIdCXX.xctest

WriteAuxiliaryFile /Users/zing/Demo/DDLTG/build/CMakeFiles/3.18.0/CompilerIdCXX/CompilerIdCXX.build/Debug-iphoneos/CompilerIdCXX.build/CompilerIdCXX-all-non-framework-target-headers.hmap (in target 'CompilerIdCXX' from project 'CompilerIdCXX')
    cd /Users/zing/Demo/DDLTG/build/CMakeFiles/3.18.0/CompilerIdCXX
    write-file /Users/zing/Demo/DDLTG/build/CMakeFiles/3.18.0/CompilerIdCXX/CompilerIdCXX.build/Debug-iphoneos/CompilerIdCXX.build/CompilerIdCXX-all-non-framework-target-headers.hmap

WriteAuxiliaryFile /Users/zing/Demo/DDLTG/build/CMakeFiles/3.18.0/CompilerIdCXX/CompilerIdCXX.build/Debug-iphoneos/CompilerIdCXX.build/CompilerIdCXX-own-target-headers.hmap (in target 'CompilerIdCXX' from project 'CompilerIdCXX')
    cd /Users/zing/Demo/DDLTG/build/CMakeFiles/3.18.0/CompilerIdCXX
    write-file /Users/zing/Demo/DDLTG/build/CMakeFiles/3.18.0/CompilerIdCXX/CompilerIdCXX.build/Debug-iphoneos/CompilerIdCXX.build/CompilerIdCXX-own-target-headers.hmap

WriteAuxiliaryFile /Users/zing/Demo/DDLTG/build/CMakeFiles/3.18.0/CompilerIdCXX/CompilerIdCXX.build/Debug-iphoneos/CompilerIdCXX.build/all-product-headers.yaml (in target 'CompilerIdCXX' from project 'CompilerIdCXX')
    cd /Users/zing/Demo/DDLTG/build/CMakeFiles/3.18.0/CompilerIdCXX
    write-file /Users/zing/Demo/DDLTG/build/CMakeFiles/3.18.0/CompilerIdCXX/CompilerIdCXX.build/Debug-iphoneos/CompilerIdCXX.build/all-product-headers.yaml

WriteAuxiliaryFile /Users/zing/Demo/DDLTG/build/CMakeFiles/3.18.0/CompilerIdCXX/CompilerIdCXX.build/Debug-iphoneos/CompilerIdCXX.build/CompilerIdCXX-generated-files.hmap (in target 'CompilerIdCXX' from project 'CompilerIdCXX')
    cd /Users/zing/Demo/DDLTG/build/CMakeFiles/3.18.0/CompilerIdCXX
    write-file /Users/zing/Demo/DDLTG/build/CMakeFiles/3.18.0/CompilerIdCXX/CompilerIdCXX.build/Debug-iphoneos/CompilerIdCXX.build/CompilerIdCXX-generated-files.hmap

WriteAuxiliaryFile /Users/zing/Demo/DDLTG/build/CMakeFiles/3.18.0/CompilerIdCXX/CompilerIdCXX.build/Debug-iphoneos/CompilerIdCXX.build/CompilerIdCXX-all-target-headers.hmap (in target 'CompilerIdCXX' from project 'CompilerIdCXX')
    cd /Users/zing/Demo/DDLTG/build/CMakeFiles/3.18.0/CompilerIdCXX
    write-file /Users/zing/Demo/DDLTG/build/CMakeFiles/3.18.0/CompilerIdCXX/CompilerIdCXX.build/Debug-iphoneos/CompilerIdCXX.build/CompilerIdCXX-all-target-headers.hmap

WriteAuxiliaryFile /Users/zing/Demo/DDLTG/build/CMakeFiles/3.18.0/CompilerIdCXX/CompilerIdCXX.build/Debug-iphoneos/CompilerIdCXX.build/CompilerIdCXX.hmap (in target 'CompilerIdCXX' from project 'CompilerIdCXX')
    cd /Users/zing/Demo/DDLTG/build/CMakeFiles/3.18.0/CompilerIdCXX
    write-file /Users/zing/Demo/DDLTG/build/CMakeFiles/3.18.0/CompilerIdCXX/CompilerIdCXX.build/Debug-iphoneos/CompilerIdCXX.build/CompilerIdCXX.hmap

WriteAuxiliaryFile /Users/zing/Demo/DDLTG/build/CMakeFiles/3.18.0/CompilerIdCXX/CompilerIdCXX.build/Debug-iphoneos/CompilerIdCXX.build/CompilerIdCXX-project-headers.hmap (in target 'CompilerIdCXX' from project 'CompilerIdCXX')
    cd /Users/zing/Demo/DDLTG/build/CMakeFiles/3.18.0/CompilerIdCXX
    write-file /Users/zing/Demo/DDLTG/build/CMakeFiles/3.18.0/CompilerIdCXX/CompilerIdCXX.build/Debug-iphoneos/CompilerIdCXX.build/CompilerIdCXX-project-headers.hmap

CompileC /Users/zing/Demo/DDLTG/build/CMakeFiles/3.18.0/CompilerIdCXX/CompilerIdCXX.build/Debug-iphoneos/CompilerIdCXX.build/Objects-normal/arm64/CMakeCXXCompilerId.o /Users/zing/Demo/DDLTG/build/CMakeFiles/3.18.0/CompilerIdCXX/CMakeCXXCompilerId.cpp normal arm64 c++ com.apple.compilers.llvm.clang.1_0.compiler (in target 'CompilerIdCXX' from project 'CompilerIdCXX')
    cd /Users/zing/Demo/DDLTG/build/CMakeFiles/3.18.0/CompilerIdCXX
    export LANG\=en_US.US-ASCII
    /Applications/Xcode.app/Contents/Developer/Toolchains/XcodeDefault.xctoolchain/usr/bin/clang -x c++ -target arm64-apple-ios14.1 -fmessage-length\=0 -fdiagnostics-show-note-include-stack -fmacro-backtrace-limit\=0 -Wno-trigraphs -fpascal-strings -Os -Wno-missing-field-initializers -Wno-missing-prototypes -Wno-return-type -Wno-non-virtual-dtor -Wno-overloaded-virtual -Wno-exit-time-destructors -Wno-missing-braces -Wparentheses -Wswitch -Wno-unused-function -Wno-unused-label -Wno-unused-parameter -Wno-unused-variable -Wunused-value -Wno-empty-body -Wno-uninitialized -Wno-unknown-pragmas -Wno-shadow -Wno-four-char-constants -Wno-conversion -Wno-constant-conversion -Wno-int-conversion -Wno-bool-conversion -Wno-enum-conversion -Wno-float-conversion -Wno-non-literal-null-conversion -Wno-objc-literal-conversion -Wshorten-64-to-32 -Wno-newline-eof -Wno-c++11-extensions -isysroot /Applications/Xcode.app/Contents/Developer/Platforms/iPhoneOS.platform/Developer/SDKs/iPhoneOS14.1.sdk -fstrict-aliasing -Wdeprecated-declarations -Winvalid-offsetof -g -fvisibility-inlines-hidden -Wno-sign-conversion -Wno-infinite-recursion -Wno-move -Wno-comma -Wno-block-capture-autoreleasing -Wno-strict-prototypes -Wno-range-loop-analysis -Wno-semicolon-before-method-body -iquote /Users/zing/Demo/DDLTG/build/CMakeFiles/3.18.0/CompilerIdCXX/CompilerIdCXX.build/Debug-iphoneos/CompilerIdCXX.build/CompilerIdCXX-generated-files.hmap -I/Users/zing/Demo/DDLTG/build/CMakeFiles/3.18.0/CompilerIdCXX/CompilerIdCXX.build/Debug-iphoneos/CompilerIdCXX.build/CompilerIdCXX-own-target-headers.hmap -I/Users/zing/Demo/DDLTG/build/CMakeFiles/3.18.0/CompilerIdCXX/CompilerIdCXX.build/Debug-iphoneos/CompilerIdCXX.build/CompilerIdCXX-all-target-headers.hmap -iquote /Users/zing/Demo/DDLTG/build/CMakeFiles/3.18.0/CompilerIdCXX/CompilerIdCXX.build/Debug-iphoneos/CompilerIdCXX.build/CompilerIdCXX-project-headers.hmap -I/Users/zing/Demo/DDLTG/build/CMakeFiles/3.18.0/CompilerIdCXX/include -I/Users/zing/Demo/DDLTG/build/CMakeFiles/3.18.0/CompilerIdCXX/CompilerIdCXX.build/Debug-iphoneos/CompilerIdCXX.build/DerivedSources-normal/arm64 -I/Users/zing/Demo/DDLTG/build/CMakeFiles/3.18.0/CompilerIdCXX/CompilerIdCXX.build/Debug-iphoneos/CompilerIdCXX.build/DerivedSources/arm64 -I/Users/zing/Demo/DDLTG/build/CMakeFiles/3.18.0/CompilerIdCXX/CompilerIdCXX.build/Debug-iphoneos/CompilerIdCXX.build/DerivedSources -F/Users/zing/Demo/DDLTG/build/CMakeFiles/3.18.0/CompilerIdCXX -iframework /Applications/Xcode.app/Contents/Developer/Platforms/iPhoneOS.platform/Developer/Library/Frameworks -iframework /Applications/Xcode.app/Contents/Developer/Platforms/iPhoneOS.platform/Developer/SDKs/iPhoneOS14.1.sdk/Developer/Library/Frameworks -MMD -MT dependencies -MF /Users/zing/Demo/DDLTG/build/CMakeFiles/3.18.0/CompilerIdCXX/CompilerIdCXX.build/Debug-iphoneos/CompilerIdCXX.build/Objects-normal/arm64/CMakeCXXCompilerId.d --serialize-diagnostics /Users/zing/Demo/DDLTG/build/CMakeFiles/3.18.0/CompilerIdCXX/CompilerIdCXX.build/Debug-iphoneos/CompilerIdCXX.build/Objects-normal/arm64/CMakeCXXCompilerId.dia -c /Users/zing/Demo/DDLTG/build/CMakeFiles/3.18.0/CompilerIdCXX/CMakeCXXCompilerId.cpp -o /Users/zing/Demo/DDLTG/build/CMakeFiles/3.18.0/CompilerIdCXX/CompilerIdCXX.build/Debug-iphoneos/CompilerIdCXX.build/Objects-normal/arm64/CMakeCXXCompilerId.o

WriteAuxiliaryFile /Users/zing/Demo/DDLTG/build/CMakeFiles/3.18.0/CompilerIdCXX/CompilerIdCXX.build/Debug-iphoneos/CompilerIdCXX.build/Objects-normal/arm64/CompilerIdCXX.LinkFileList (in target 'CompilerIdCXX' from project 'CompilerIdCXX')
    cd /Users/zing/Demo/DDLTG/build/CMakeFiles/3.18.0/CompilerIdCXX
    write-file /Users/zing/Demo/DDLTG/build/CMakeFiles/3.18.0/CompilerIdCXX/CompilerIdCXX.build/Debug-iphoneos/CompilerIdCXX.build/Objects-normal/arm64/CompilerIdCXX.LinkFileList

Ld /Users/zing/Demo/DDLTG/build/CMakeFiles/3.18.0/CompilerIdCXX/CompilerIdCXX.xctest/CompilerIdCXX normal (in target 'CompilerIdCXX' from project 'CompilerIdCXX')
    cd /Users/zing/Demo/DDLTG/build/CMakeFiles/3.18.0/CompilerIdCXX
    /Applications/Xcode.app/Contents/Developer/Toolchains/XcodeDefault.xctoolchain/usr/bin/clang++ -target arm64-apple-ios14.1 -bundle -isysroot /Applications/Xcode.app/Contents/Developer/Platforms/iPhoneOS.platform/Developer/SDKs/iPhoneOS14.1.sdk -L/Users/zing/Demo/DDLTG/build/CMakeFiles/3.18.0/CompilerIdCXX -L/Applications/Xcode.app/Contents/Developer/Platforms/iPhoneOS.platform/Developer/usr/lib -F/Users/zing/Demo/DDLTG/build/CMakeFiles/3.18.0/CompilerIdCXX -iframework /Applications/Xcode.app/Contents/Developer/Platforms/iPhoneOS.platform/Developer/Library/Frameworks -iframework /Applications/Xcode.app/Contents/Developer/Platforms/iPhoneOS.platform/Developer/SDKs/iPhoneOS14.1.sdk/Developer/Library/Frameworks -filelist /Users/zing/Demo/DDLTG/build/CMakeFiles/3.18.0/CompilerIdCXX/CompilerIdCXX.build/Debug-iphoneos/CompilerIdCXX.build/Objects-normal/arm64/CompilerIdCXX.LinkFileList -dead_strip -Xlinker -object_path_lto -Xlinker /Users/zing/Demo/DDLTG/build/CMakeFiles/3.18.0/CompilerIdCXX/CompilerIdCXX.build/Debug-iphoneos/CompilerIdCXX.build/Objects-normal/arm64/CompilerIdCXX_lto.o -framework XCTest -Xlinker -dependency_info -Xlinker /Users/zing/Demo/DDLTG/build/CMakeFiles/3.18.0/CompilerIdCXX/CompilerIdCXX.build/Debug-iphoneos/CompilerIdCXX.build/Objects-normal/arm64/CompilerIdCXX_dependency_info.dat -o /Users/zing/Demo/DDLTG/build/CMakeFiles/3.18.0/CompilerIdCXX/CompilerIdCXX.xctest/CompilerIdCXX

WriteAuxiliaryFile /Users/zing/Demo/DDLTG/build/CMakeFiles/3.18.0/CompilerIdCXX/CompilerIdCXX.build/Debug-iphoneos/CompilerIdCXX.build/Script-2C8FEB8E15DC1A1A00E56A5D.sh (in target 'CompilerIdCXX' from project 'CompilerIdCXX')
    cd /Users/zing/Demo/DDLTG/build/CMakeFiles/3.18.0/CompilerIdCXX
    write-file /Users/zing/Demo/DDLTG/build/CMakeFiles/3.18.0/CompilerIdCXX/CompilerIdCXX.build/Debug-iphoneos/CompilerIdCXX.build/Script-2C8FEB8E15DC1A1A00E56A5D.sh

GenerateDSYMFile /Users/zing/Demo/DDLTG/build/CMakeFiles/3.18.0/CompilerIdCXX/CompilerIdCXX.xctest.dSYM /Users/zing/Demo/DDLTG/build/CMakeFiles/3.18.0/CompilerIdCXX/CompilerIdCXX.xctest/CompilerIdCXX (in target 'CompilerIdCXX' from project 'CompilerIdCXX')
    cd /Users/zing/Demo/DDLTG/build/CMakeFiles/3.18.0/CompilerIdCXX
    /Applications/Xcode.app/Contents/Developer/Toolchains/XcodeDefault.xctoolchain/usr/bin/dsymutil /Users/zing/Demo/DDLTG/build/CMakeFiles/3.18.0/CompilerIdCXX/CompilerIdCXX.xctest/CompilerIdCXX -o /Users/zing/Demo/DDLTG/build/CMakeFiles/3.18.0/CompilerIdCXX/CompilerIdCXX.xctest.dSYM

PhaseScriptExecution Run\ Script /Users/zing/Demo/DDLTG/build/CMakeFiles/3.18.0/CompilerIdCXX/CompilerIdCXX.build/Debug-iphoneos/CompilerIdCXX.build/Script-2C8FEB8E15DC1A1A00E56A5D.sh (in target 'CompilerIdCXX' from project 'CompilerIdCXX')
    cd /Users/zing/Demo/DDLTG/build/CMakeFiles/3.18.0/CompilerIdCXX
    /bin/sh -c /Users/zing/Demo/DDLTG/build/CMakeFiles/3.18.0/CompilerIdCXX/CompilerIdCXX.build/Debug-iphoneos/CompilerIdCXX.build/Script-2C8FEB8E15DC1A1A00E56A5D.sh
GCC_VERSION=com.apple.compilers.llvm.clang.1_0
ARCHS=arm64

RegisterExecutionPolicyException /Users/zing/Demo/DDLTG/build/CMakeFiles/3.18.0/CompilerIdCXX/CompilerIdCXX.xctest (in target 'CompilerIdCXX' from project 'CompilerIdCXX')
    cd /Users/zing/Demo/DDLTG/build/CMakeFiles/3.18.0/CompilerIdCXX
    builtin-RegisterExecutionPolicyException /Users/zing/Demo/DDLTG/build/CMakeFiles/3.18.0/CompilerIdCXX/CompilerIdCXX.xctest

Touch /Users/zing/Demo/DDLTG/build/CMakeFiles/3.18.0/CompilerIdCXX/CompilerIdCXX.xctest (in target 'CompilerIdCXX' from project 'CompilerIdCXX')
    cd /Users/zing/Demo/DDLTG/build/CMakeFiles/3.18.0/CompilerIdCXX
    /usr/bin/touch -c /Users/zing/Demo/DDLTG/build/CMakeFiles/3.18.0/CompilerIdCXX/CompilerIdCXX.xctest

** BUILD SUCCEEDED **



Compilation of the CXX compiler identification source "CMakeCXXCompilerId.cpp" produced "CompilerIdCXX.xctest/CompilerIdCXX"

The CXX compiler identification is AppleClang, found in "/Users/zing/Demo/DDLTG/build/CMakeFiles/3.18.0/CompilerIdCXX/CompilerIdCXX.xctest/CompilerIdCXX"

Detecting C compiler ABI info compiled with the following output:
Change Dir: /Users/zing/Demo/DDLTG/build/CMakeFiles/CMakeTmp

Run Build Command(s):/usr/bin/xcodebuild -project CMAKE_TRY_COMPILE.xcodeproj build -target cmTC_9e0b3 -configuration Debug -hideShellScriptEnvironment && 2020-10-30 18:51:52.915 xcodebuild[24343:49482415] [MT] PluginLoading: Required plug-in compatibility UUID 6C8909A0-F208-4C21-9224-504F9A70056E for plug-in at path '~/Library/Application Support/Developer/Shared/Xcode/Plug-ins/OMColorSense.xcplugin' not present in DVTPlugInCompatibilityUUIDs
Command line invocation:
    /Applications/Xcode.app/Contents/Developer/usr/bin/xcodebuild -project CMAKE_TRY_COMPILE.xcodeproj build -target cmTC_9e0b3 -configuration Debug -hideShellScriptEnvironment

User defaults from command line:
    HideShellScriptEnvironment = YES

Prepare build
note: The Legacy Build System will be removed in a future release. You can configure the selected build system and this deprecation message in File > Project Settings.
=== BUILD TARGET cmTC_9e0b3 OF PROJECT CMAKE_TRY_COMPILE WITH CONFIGURATION Debug ===

Check dependencies

Write auxiliary files
/bin/mkdir -p /Users/zing/Demo/DDLTG/build/CMakeFiles/CMakeTmp/CMAKE_TRY_COMPILE.build/Debug-iphoneos/cmTC_9e0b3.build/Objects-normal/arm64
write-file /Users/zing/Demo/DDLTG/build/CMakeFiles/CMakeTmp/CMAKE_TRY_COMPILE.build/Debug-iphoneos/cmTC_9e0b3.build/Objects-normal/arm64/cmTC_9e0b3.LinkFileList

CompileC CMAKE_TRY_COMPILE.build/Debug-iphoneos/cmTC_9e0b3.build/Objects-normal/arm64/CMakeCCompilerABI.o /Applications/CMake.app/Contents/share/cmake-3.18/Modules/CMakeCCompilerABI.c normal arm64 c com.apple.compilers.llvm.clang.1_0.compiler
    cd /Users/zing/Demo/DDLTG/build/CMakeFiles/CMakeTmp
    /Applications/Xcode.app/Contents/Developer/Toolchains/XcodeDefault.xctoolchain/usr/bin/clang -x c -target arm64-apple-ios9.0 -fmessage-length=0 -fdiagnostics-show-note-include-stack -fmacro-backtrace-limit=0 -Wno-trigraphs -fpascal-strings -O0 -Wno-missing-field-initializers -Wno-missing-prototypes -Wno-return-type -Wno-missing-braces -Wparentheses -Wswitch -Wno-unused-function -Wno-unused-label -Wno-unused-parameter -Wno-unused-variable -Wunused-value -Wno-empty-body -Wno-uninitialized -Wno-unknown-pragmas -Wno-shadow -Wno-four-char-constants -Wno-conversion -Wno-constant-conversion -Wno-int-conversion -Wno-bool-conversion -Wno-enum-conversion -Wno-float-conversion -Wno-non-literal-null-conversion -Wno-objc-literal-conversion -Wshorten-64-to-32 -Wpointer-sign -Wno-newline-eof -DCMAKE_INTDIR=\"Debug-iphoneos\" -isysroot /Applications/Xcode.app/Contents/Developer/Platforms/iPhoneOS.platform/Developer/SDKs/iPhoneOS14.1.sdk -fstrict-aliasing -Wdeprecated-declarations -g -Wno-sign-conversion -Wno-infinite-recursion -Wno-comma -Wno-block-capture-autoreleasing -Wno-strict-prototypes -Wno-semicolon-before-method-body -fembed-bitcode -I/Users/zing/Demo/DDLTG/build/CMakeFiles/CMakeTmp/Debug/include -I/Users/zing/Demo/DDLTG/build/CMakeFiles/CMakeTmp/CMAKE_TRY_COMPILE.build/Debug-iphoneos/cmTC_9e0b3.build/DerivedSources-normal/arm64 -I/Users/zing/Demo/DDLTG/build/CMakeFiles/CMakeTmp/CMAKE_TRY_COMPILE.build/Debug-iphoneos/cmTC_9e0b3.build/DerivedSources/arm64 -I/Users/zing/Demo/DDLTG/build/CMakeFiles/CMakeTmp/CMAKE_TRY_COMPILE.build/Debug-iphoneos/cmTC_9e0b3.build/DerivedSources -F/Users/zing/Demo/DDLTG/build/CMakeFiles/CMakeTmp/Debug -v -Wl,-v -MMD -MT dependencies -MF /Users/zing/Demo/DDLTG/build/CMakeFiles/CMakeTmp/CMAKE_TRY_COMPILE.build/Debug-iphoneos/cmTC_9e0b3.build/Objects-normal/arm64/CMakeCCompilerABI.d --serialize-diagnostics /Users/zing/Demo/DDLTG/build/CMakeFiles/CMakeTmp/CMAKE_TRY_COMPILE.build/Debug-iphoneos/cmTC_9e0b3.build/Objects-normal/arm64/CMakeCCompilerABI.dia -c /Applications/CMake.app/Contents/share/cmake-3.18/Modules/CMakeCCompilerABI.c -o /Users/zing/Demo/DDLTG/build/CMakeFiles/CMakeTmp/CMAKE_TRY_COMPILE.build/Debug-iphoneos/cmTC_9e0b3.build/Objects-normal/arm64/CMakeCCompilerABI.o
Apple clang version 12.0.0 (clang-1200.0.32.21)
Target: arm64-apple-ios9.0
Thread model: posix
InstalledDir: /Applications/Xcode.app/Contents/Developer/Toolchains/XcodeDefault.xctoolchain/usr/bin
clang: warning: -Wl,-v: 'linker' input unused [-Wunused-command-line-argument]
 "/Applications/Xcode.app/Contents/Developer/Toolchains/XcodeDefault.xctoolchain/usr/bin/clang" -cc1 -triple arm64-apple-ios9.0.0 -Wdeprecated-objc-isa-usage -Werror=deprecated-objc-isa-usage -Werror=implicit-function-declaration -emit-llvm-bc -disable-free -disable-llvm-verifier -discard-value-names -main-file-name CMakeCCompilerABI.c -mrelocation-model pic -pic-level 2 -mthread-model posix -mframe-pointer=non-leaf -fno-strict-return -masm-verbose -munwind-tables -faligned-alloc-unavailable -target-sdk-version=14.1 -target-cpu apple-a7 -target-feature +fp-armv8 -target-feature +neon -target-feature +crypto -target-feature +zcm -target-feature +zcz -target-feature +sha2 -target-feature +aes -target-abi darwinpcs -fallow-half-arguments-and-returns -dwarf-column-info -debug-info-kind=standalone -dwarf-version=4 -debugger-tuning=lldb -target-linker-version 609 -v -resource-dir /Applications/Xcode.app/Contents/Developer/Toolchains/XcodeDefault.xctoolchain/usr/lib/clang/12.0.0 -dependency-file /Users/zing/Demo/DDLTG/build/CMakeFiles/CMakeTmp/CMAKE_TRY_COMPILE.build/Debug-iphoneos/cmTC_9e0b3.build/Objects-normal/arm64/CMakeCCompilerABI.d -skip-unused-modulemap-deps -MT dependencies -isysroot /Applications/Xcode.app/Contents/Developer/Platforms/iPhoneOS.platform/Developer/SDKs/iPhoneOS14.1.sdk -D "CMAKE_INTDIR=\"Debug-iphoneos\"" -I /Users/zing/Demo/DDLTG/build/CMakeFiles/CMakeTmp/Debug/include -I /Users/zing/Demo/DDLTG/build/CMakeFiles/CMakeTmp/CMAKE_TRY_COMPILE.build/Debug-iphoneos/cmTC_9e0b3.build/DerivedSources-normal/arm64 -I /Users/zing/Demo/DDLTG/build/CMakeFiles/CMakeTmp/CMAKE_TRY_COMPILE.build/Debug-iphoneos/cmTC_9e0b3.build/DerivedSources/arm64 -I /Users/zing/Demo/DDLTG/build/CMakeFiles/CMakeTmp/CMAKE_TRY_COMPILE.build/Debug-iphoneos/cmTC_9e0b3.build/DerivedSources -F/Users/zing/Demo/DDLTG/build/CMakeFiles/CMakeTmp/Debug -internal-isystem /Applications/Xcode.app/Contents/Developer/Platforms/iPhoneOS.platform/Developer/SDKs/iPhoneOS14.1.sdk/usr/local/include -internal-isystem /Applications/Xcode.app/Contents/Developer/Toolchains/XcodeDefault.xctoolchain/usr/lib/clang/12.0.0/include -internal-externc-isystem /Applications/Xcode.app/Contents/Developer/Platforms/iPhoneOS.platform/Developer/SDKs/iPhoneOS14.1.sdk/usr/include -internal-externc-isystem /Applications/Xcode.app/Contents/Developer/Toolchains/XcodeDefault.xctoolchain/usr/include -O0 -Wno-trigraphs -Wno-missing-field-initializers -Wno-missing-prototypes -Wno-return-type -Wno-missing-braces -Wparentheses -Wswitch -Wno-unused-function -Wno-unused-label -Wno-unused-parameter -Wno-unused-variable -Wunused-value -Wno-empty-body -Wno-uninitialized -Wno-unknown-pragmas -Wno-shadow -Wno-four-char-constants -Wno-conversion -Wno-constant-conversion -Wno-int-conversion -Wno-bool-conversion -Wno-enum-conversion -Wno-float-conversion -Wno-non-literal-null-conversion -Wno-objc-literal-conversion -Wshorten-64-to-32 -Wpointer-sign -Wno-newline-eof -Wdeprecated-declarations -Wno-sign-conversion -Wno-infinite-recursion -Wno-comma -Wno-block-capture-autoreleasing -Wno-strict-prototypes -Wno-semicolon-before-method-body -Wno-reorder-init-list -Wno-implicit-int-float-conversion -Wno-c99-designator -Wno-final-dtor-non-final-class -Wno-extra-semi-stmt -Wno-misleading-indentation -Wno-quoted-include-in-framework-header -Wno-implicit-fallthrough -Wno-enum-enum-conversion -Wno-enum-float-conversion -fdebug-compilation-dir /Users/zing/Demo/DDLTG/build/CMakeFiles/CMakeTmp -ferror-limit 19 -fmacro-backtrace-limit 0 -fmessage-length 0 -stack-protector 1 -mdarwin-stkchk-strong-link -fblocks -fencode-extended-block-signature -fregister-global-dtors-with-atexit -fgnuc-version=4.2.1 -fobjc-runtime=ios-9.0.0 -fpascal-strings -fmax-type-align=16 -fdiagnostics-show-option -fdiagnostics-show-note-include-stack -serialize-diagnostic-file /Users/zing/Demo/DDLTG/build/CMakeFiles/CMakeTmp/CMAKE_TRY_COMPILE.build/Debug-iphoneos/cmTC_9e0b3.build/Objects-normal/arm64/CMakeCCompilerABI.dia -o /var/folders/4p/3nb0n7zn6fsglftjb7k2dv0c0000gn/T/CMakeCCompilerABI-dc7731.bc -x c /Applications/CMake.app/Contents/share/cmake-3.18/Modules/CMakeCCompilerABI.c
clang -cc1 version 12.0.0 (clang-1200.0.32.21) default target x86_64-apple-darwin19.6.0
ignoring nonexistent directory "/Users/zing/Demo/DDLTG/build/CMakeFiles/CMakeTmp/Debug/include"
ignoring nonexistent directory "/Users/zing/Demo/DDLTG/build/CMakeFiles/CMakeTmp/CMAKE_TRY_COMPILE.build/Debug-iphoneos/cmTC_9e0b3.build/DerivedSources-normal/arm64"
ignoring nonexistent directory "/Users/zing/Demo/DDLTG/build/CMakeFiles/CMakeTmp/CMAKE_TRY_COMPILE.build/Debug-iphoneos/cmTC_9e0b3.build/DerivedSources/arm64"
ignoring nonexistent directory "/Users/zing/Demo/DDLTG/build/CMakeFiles/CMakeTmp/CMAKE_TRY_COMPILE.build/Debug-iphoneos/cmTC_9e0b3.build/DerivedSources"
ignoring nonexistent directory "/Users/zing/Demo/DDLTG/build/CMakeFiles/CMakeTmp/Debug"
ignoring nonexistent directory "/Applications/Xcode.app/Contents/Developer/Platforms/iPhoneOS.platform/Developer/SDKs/iPhoneOS14.1.sdk/usr/local/include"
ignoring nonexistent directory "/Applications/Xcode.app/Contents/Developer/Platforms/iPhoneOS.platform/Developer/SDKs/iPhoneOS14.1.sdk/Library/Frameworks"
#include "..." search starts here:
#include <...> search starts here:
 /Applications/Xcode.app/Contents/Developer/Toolchains/XcodeDefault.xctoolchain/usr/lib/clang/12.0.0/include
 /Applications/Xcode.app/Contents/Developer/Platforms/iPhoneOS.platform/Developer/SDKs/iPhoneOS14.1.sdk/usr/include
 /Applications/Xcode.app/Contents/Developer/Toolchains/XcodeDefault.xctoolchain/usr/include
 /Applications/Xcode.app/Contents/Developer/Platforms/iPhoneOS.platform/Developer/SDKs/iPhoneOS14.1.sdk/System/Library/Frameworks (framework directory)
End of search list.
 "/Applications/Xcode.app/Contents/Developer/Toolchains/XcodeDefault.xctoolchain/usr/bin/clang" -cc1 -triple arm64-apple-ios9.0.0 -Wdeprecated-objc-isa-usage -Werror=deprecated-objc-isa-usage -Werror=implicit-function-declaration -emit-obj -fembed-bitcode=all -fembed-bitcode=all -disable-llvm-passes -faligned-alloc-unavailable -target-sdk-version=14.1 -target-abi darwinpcs -O0 -o /Users/zing/Demo/DDLTG/build/CMakeFiles/CMakeTmp/CMAKE_TRY_COMPILE.build/Debug-iphoneos/cmTC_9e0b3.build/Objects-normal/arm64/CMakeCCompilerABI.o -x ir /var/folders/4p/3nb0n7zn6fsglftjb7k2dv0c0000gn/T/CMakeCCompilerABI-dc7731.bc

Libtool Debug/libcmTC_9e0b3.a normal arm64
    cd /Users/zing/Demo/DDLTG/build/CMakeFiles/CMakeTmp
    /Applications/Xcode.app/Contents/Developer/Toolchains/XcodeDefault.xctoolchain/usr/bin/libtool -static -arch_only arm64 -D -syslibroot /Applications/Xcode.app/Contents/Developer/Platforms/iPhoneOS.platform/Developer/SDKs/iPhoneOS14.1.sdk -L/Users/zing/Demo/DDLTG/build/CMakeFiles/CMakeTmp/Debug -filelist /Users/zing/Demo/DDLTG/build/CMakeFiles/CMakeTmp/CMAKE_TRY_COMPILE.build/Debug-iphoneos/cmTC_9e0b3.build/Objects-normal/arm64/cmTC_9e0b3.LinkFileList -o /Users/zing/Demo/DDLTG/build/CMakeFiles/CMakeTmp/Debug/libcmTC_9e0b3.a

** BUILD SUCCEEDED **




Parsed C implicit include dir info from above output: rv=done
  found start of include info
  found start of implicit include info
    add: [/Applications/Xcode.app/Contents/Developer/Toolchains/XcodeDefault.xctoolchain/usr/lib/clang/12.0.0/include]
    add: [/Applications/Xcode.app/Contents/Developer/Platforms/iPhoneOS.platform/Developer/SDKs/iPhoneOS14.1.sdk/usr/include]
    add: [/Applications/Xcode.app/Contents/Developer/Toolchains/XcodeDefault.xctoolchain/usr/include]
  end of search list found
  collapse include dir [/Applications/Xcode.app/Contents/Developer/Toolchains/XcodeDefault.xctoolchain/usr/lib/clang/12.0.0/include] ==> [/Applications/Xcode.app/Contents/Developer/Toolchains/XcodeDefault.xctoolchain/usr/lib/clang/12.0.0/include]
  collapse include dir [/Applications/Xcode.app/Contents/Developer/Platforms/iPhoneOS.platform/Developer/SDKs/iPhoneOS14.1.sdk/usr/include] ==> [/Applications/Xcode.app/Contents/Developer/Platforms/iPhoneOS.platform/Developer/SDKs/iPhoneOS14.1.sdk/usr/include]
  collapse include dir [/Applications/Xcode.app/Contents/Developer/Toolchains/XcodeDefault.xctoolchain/usr/include] ==> [/Applications/Xcode.app/Contents/Developer/Toolchains/XcodeDefault.xctoolchain/usr/include]
  implicit include dirs: [/Applications/Xcode.app/Contents/Developer/Toolchains/XcodeDefault.xctoolchain/usr/lib/clang/12.0.0/include;/Applications/Xcode.app/Contents/Developer/Platforms/iPhoneOS.platform/Developer/SDKs/iPhoneOS14.1.sdk/usr/include;/Applications/Xcode.app/Contents/Developer/Toolchains/XcodeDefault.xctoolchain/usr/include]


Parsed C implicit link information from above output:
  link line regex: [^( *|.*[/\])(ld|CMAKE_LINK_STARTFILE-NOTFOUND|([^/\]+-)?ld|collect2)[^/\]*( |$)]
  ignore line: [Change Dir: /Users/zing/Demo/DDLTG/build/CMakeFiles/CMakeTmp]
  ignore line: []
  ignore line: [Run Build Command(s):/usr/bin/xcodebuild -project CMAKE_TRY_COMPILE.xcodeproj build -target cmTC_9e0b3 -configuration Debug -hideShellScriptEnvironment && 2020-10-30 18:51:52.915 xcodebuild[24343:49482415] [MT] PluginLoading: Required plug-in compatibility UUID 6C8909A0-F208-4C21-9224-504F9A70056E for plug-in at path '~/Library/Application Support/Developer/Shared/Xcode/Plug-ins/OMColorSense.xcplugin' not present in DVTPlugInCompatibilityUUIDs]
  ignore line: [Command line invocation:]
  ignore line: [    /Applications/Xcode.app/Contents/Developer/usr/bin/xcodebuild -project CMAKE_TRY_COMPILE.xcodeproj build -target cmTC_9e0b3 -configuration Debug -hideShellScriptEnvironment]
  ignore line: []
  ignore line: [User defaults from command line:]
  ignore line: [    HideShellScriptEnvironment = YES]
  ignore line: []
  ignore line: [Prepare build]
  ignore line: [note: The Legacy Build System will be removed in a future release. You can configure the selected build system and this deprecation message in File > Project Settings.]
  ignore line: [=== BUILD TARGET cmTC_9e0b3 OF PROJECT CMAKE_TRY_COMPILE WITH CONFIGURATION Debug ===]
  ignore line: []
  ignore line: [Check dependencies]
  ignore line: []
  ignore line: [Write auxiliary files]
  ignore line: [/bin/mkdir -p /Users/zing/Demo/DDLTG/build/CMakeFiles/CMakeTmp/CMAKE_TRY_COMPILE.build/Debug-iphoneos/cmTC_9e0b3.build/Objects-normal/arm64]
  ignore line: [write-file /Users/zing/Demo/DDLTG/build/CMakeFiles/CMakeTmp/CMAKE_TRY_COMPILE.build/Debug-iphoneos/cmTC_9e0b3.build/Objects-normal/arm64/cmTC_9e0b3.LinkFileList]
  ignore line: []
  ignore line: [CompileC CMAKE_TRY_COMPILE.build/Debug-iphoneos/cmTC_9e0b3.build/Objects-normal/arm64/CMakeCCompilerABI.o /Applications/CMake.app/Contents/share/cmake-3.18/Modules/CMakeCCompilerABI.c normal arm64 c com.apple.compilers.llvm.clang.1_0.compiler]
  ignore line: [    cd /Users/zing/Demo/DDLTG/build/CMakeFiles/CMakeTmp]
  ignore line: [    /Applications/Xcode.app/Contents/Developer/Toolchains/XcodeDefault.xctoolchain/usr/bin/clang -x c -target arm64-apple-ios9.0 -fmessage-length=0 -fdiagnostics-show-note-include-stack -fmacro-backtrace-limit=0 -Wno-trigraphs -fpascal-strings -O0 -Wno-missing-field-initializers -Wno-missing-prototypes -Wno-return-type -Wno-missing-braces -Wparentheses -Wswitch -Wno-unused-function -Wno-unused-label -Wno-unused-parameter -Wno-unused-variable -Wunused-value -Wno-empty-body -Wno-uninitialized -Wno-unknown-pragmas -Wno-shadow -Wno-four-char-constants -Wno-conversion -Wno-constant-conversion -Wno-int-conversion -Wno-bool-conversion -Wno-enum-conversion -Wno-float-conversion -Wno-non-literal-null-conversion -Wno-objc-literal-conversion -Wshorten-64-to-32 -Wpointer-sign -Wno-newline-eof -DCMAKE_INTDIR=\"Debug-iphoneos\" -isysroot /Applications/Xcode.app/Contents/Developer/Platforms/iPhoneOS.platform/Developer/SDKs/iPhoneOS14.1.sdk -fstrict-aliasing -Wdeprecated-declarations -g -Wno-sign-conversion -Wno-infinite-recursion -Wno-comma -Wno-block-capture-autoreleasing -Wno-strict-prototypes -Wno-semicolon-before-method-body -fembed-bitcode -I/Users/zing/Demo/DDLTG/build/CMakeFiles/CMakeTmp/Debug/include -I/Users/zing/Demo/DDLTG/build/CMakeFiles/CMakeTmp/CMAKE_TRY_COMPILE.build/Debug-iphoneos/cmTC_9e0b3.build/DerivedSources-normal/arm64 -I/Users/zing/Demo/DDLTG/build/CMakeFiles/CMakeTmp/CMAKE_TRY_COMPILE.build/Debug-iphoneos/cmTC_9e0b3.build/DerivedSources/arm64 -I/Users/zing/Demo/DDLTG/build/CMakeFiles/CMakeTmp/CMAKE_TRY_COMPILE.build/Debug-iphoneos/cmTC_9e0b3.build/DerivedSources -F/Users/zing/Demo/DDLTG/build/CMakeFiles/CMakeTmp/Debug -v -Wl -v -MMD -MT dependencies -MF /Users/zing/Demo/DDLTG/build/CMakeFiles/CMakeTmp/CMAKE_TRY_COMPILE.build/Debug-iphoneos/cmTC_9e0b3.build/Objects-normal/arm64/CMakeCCompilerABI.d --serialize-diagnostics /Users/zing/Demo/DDLTG/build/CMakeFiles/CMakeTmp/CMAKE_TRY_COMPILE.build/Debug-iphoneos/cmTC_9e0b3.build/Objects-normal/arm64/CMakeCCompilerABI.dia -c /Applications/CMake.app/Contents/share/cmake-3.18/Modules/CMakeCCompilerABI.c -o /Users/zing/Demo/DDLTG/build/CMakeFiles/CMakeTmp/CMAKE_TRY_COMPILE.build/Debug-iphoneos/cmTC_9e0b3.build/Objects-normal/arm64/CMakeCCompilerABI.o]
  ignore line: [Apple clang version 12.0.0 (clang-1200.0.32.21)]
  ignore line: [Target: arm64-apple-ios9.0]
  ignore line: [Thread model: posix]
  ignore line: [InstalledDir: /Applications/Xcode.app/Contents/Developer/Toolchains/XcodeDefault.xctoolchain/usr/bin]
  ignore line: [clang: warning: -Wl -v: 'linker' input unused [-Wunused-command-line-argument]]
  ignore line: [ "/Applications/Xcode.app/Contents/Developer/Toolchains/XcodeDefault.xctoolchain/usr/bin/clang" -cc1 -triple arm64-apple-ios9.0.0 -Wdeprecated-objc-isa-usage -Werror=deprecated-objc-isa-usage -Werror=implicit-function-declaration -emit-llvm-bc -disable-free -disable-llvm-verifier -discard-value-names -main-file-name CMakeCCompilerABI.c -mrelocation-model pic -pic-level 2 -mthread-model posix -mframe-pointer=non-leaf -fno-strict-return -masm-verbose -munwind-tables -faligned-alloc-unavailable -target-sdk-version=14.1 -target-cpu apple-a7 -target-feature +fp-armv8 -target-feature +neon -target-feature +crypto -target-feature +zcm -target-feature +zcz -target-feature +sha2 -target-feature +aes -target-abi darwinpcs -fallow-half-arguments-and-returns -dwarf-column-info -debug-info-kind=standalone -dwarf-version=4 -debugger-tuning=lldb -target-linker-version 609 -v -resource-dir /Applications/Xcode.app/Contents/Developer/Toolchains/XcodeDefault.xctoolchain/usr/lib/clang/12.0.0 -dependency-file /Users/zing/Demo/DDLTG/build/CMakeFiles/CMakeTmp/CMAKE_TRY_COMPILE.build/Debug-iphoneos/cmTC_9e0b3.build/Objects-normal/arm64/CMakeCCompilerABI.d -skip-unused-modulemap-deps -MT dependencies -isysroot /Applications/Xcode.app/Contents/Developer/Platforms/iPhoneOS.platform/Developer/SDKs/iPhoneOS14.1.sdk -D "CMAKE_INTDIR=\"Debug-iphoneos\"" -I /Users/zing/Demo/DDLTG/build/CMakeFiles/CMakeTmp/Debug/include -I /Users/zing/Demo/DDLTG/build/CMakeFiles/CMakeTmp/CMAKE_TRY_COMPILE.build/Debug-iphoneos/cmTC_9e0b3.build/DerivedSources-normal/arm64 -I /Users/zing/Demo/DDLTG/build/CMakeFiles/CMakeTmp/CMAKE_TRY_COMPILE.build/Debug-iphoneos/cmTC_9e0b3.build/DerivedSources/arm64 -I /Users/zing/Demo/DDLTG/build/CMakeFiles/CMakeTmp/CMAKE_TRY_COMPILE.build/Debug-iphoneos/cmTC_9e0b3.build/DerivedSources -F/Users/zing/Demo/DDLTG/build/CMakeFiles/CMakeTmp/Debug -internal-isystem /Applications/Xcode.app/Contents/Developer/Platforms/iPhoneOS.platform/Developer/SDKs/iPhoneOS14.1.sdk/usr/local/include -internal-isystem /Applications/Xcode.app/Contents/Developer/Toolchains/XcodeDefault.xctoolchain/usr/lib/clang/12.0.0/include -internal-externc-isystem /Applications/Xcode.app/Contents/Developer/Platforms/iPhoneOS.platform/Developer/SDKs/iPhoneOS14.1.sdk/usr/include -internal-externc-isystem /Applications/Xcode.app/Contents/Developer/Toolchains/XcodeDefault.xctoolchain/usr/include -O0 -Wno-trigraphs -Wno-missing-field-initializers -Wno-missing-prototypes -Wno-return-type -Wno-missing-braces -Wparentheses -Wswitch -Wno-unused-function -Wno-unused-label -Wno-unused-parameter -Wno-unused-variable -Wunused-value -Wno-empty-body -Wno-uninitialized -Wno-unknown-pragmas -Wno-shadow -Wno-four-char-constants -Wno-conversion -Wno-constant-conversion -Wno-int-conversion -Wno-bool-conversion -Wno-enum-conversion -Wno-float-conversion -Wno-non-literal-null-conversion -Wno-objc-literal-conversion -Wshorten-64-to-32 -Wpointer-sign -Wno-newline-eof -Wdeprecated-declarations -Wno-sign-conversion -Wno-infinite-recursion -Wno-comma -Wno-block-capture-autoreleasing -Wno-strict-prototypes -Wno-semicolon-before-method-body -Wno-reorder-init-list -Wno-implicit-int-float-conversion -Wno-c99-designator -Wno-final-dtor-non-final-class -Wno-extra-semi-stmt -Wno-misleading-indentation -Wno-quoted-include-in-framework-header -Wno-implicit-fallthrough -Wno-enum-enum-conversion -Wno-enum-float-conversion -fdebug-compilation-dir /Users/zing/Demo/DDLTG/build/CMakeFiles/CMakeTmp -ferror-limit 19 -fmacro-backtrace-limit 0 -fmessage-length 0 -stack-protector 1 -mdarwin-stkchk-strong-link -fblocks -fencode-extended-block-signature -fregister-global-dtors-with-atexit -fgnuc-version=4.2.1 -fobjc-runtime=ios-9.0.0 -fpascal-strings -fmax-type-align=16 -fdiagnostics-show-option -fdiagnostics-show-note-include-stack -serialize-diagnostic-file /Users/zing/Demo/DDLTG/build/CMakeFiles/CMakeTmp/CMAKE_TRY_COMPILE.build/Debug-iphoneos/cmTC_9e0b3.build/Objects-normal/arm64/CMakeCCompilerABI.dia -o /var/folders/4p/3nb0n7zn6fsglftjb7k2dv0c0000gn/T/CMakeCCompilerABI-dc7731.bc -x c /Applications/CMake.app/Contents/share/cmake-3.18/Modules/CMakeCCompilerABI.c]
  ignore line: [clang -cc1 version 12.0.0 (clang-1200.0.32.21) default target x86_64-apple-darwin19.6.0]
  ignore line: [ignoring nonexistent directory "/Users/zing/Demo/DDLTG/build/CMakeFiles/CMakeTmp/Debug/include"]
  ignore line: [ignoring nonexistent directory "/Users/zing/Demo/DDLTG/build/CMakeFiles/CMakeTmp/CMAKE_TRY_COMPILE.build/Debug-iphoneos/cmTC_9e0b3.build/DerivedSources-normal/arm64"]
  ignore line: [ignoring nonexistent directory "/Users/zing/Demo/DDLTG/build/CMakeFiles/CMakeTmp/CMAKE_TRY_COMPILE.build/Debug-iphoneos/cmTC_9e0b3.build/DerivedSources/arm64"]
  ignore line: [ignoring nonexistent directory "/Users/zing/Demo/DDLTG/build/CMakeFiles/CMakeTmp/CMAKE_TRY_COMPILE.build/Debug-iphoneos/cmTC_9e0b3.build/DerivedSources"]
  ignore line: [ignoring nonexistent directory "/Users/zing/Demo/DDLTG/build/CMakeFiles/CMakeTmp/Debug"]
  ignore line: [ignoring nonexistent directory "/Applications/Xcode.app/Contents/Developer/Platforms/iPhoneOS.platform/Developer/SDKs/iPhoneOS14.1.sdk/usr/local/include"]
  ignore line: [ignoring nonexistent directory "/Applications/Xcode.app/Contents/Developer/Platforms/iPhoneOS.platform/Developer/SDKs/iPhoneOS14.1.sdk/Library/Frameworks"]
  ignore line: [#include "..." search starts here:]
  ignore line: [#include <...> search starts here:]
  ignore line: [ /Applications/Xcode.app/Contents/Developer/Toolchains/XcodeDefault.xctoolchain/usr/lib/clang/12.0.0/include]
  ignore line: [ /Applications/Xcode.app/Contents/Developer/Platforms/iPhoneOS.platform/Developer/SDKs/iPhoneOS14.1.sdk/usr/include]
  ignore line: [ /Applications/Xcode.app/Contents/Developer/Toolchains/XcodeDefault.xctoolchain/usr/include]
  ignore line: [ /Applications/Xcode.app/Contents/Developer/Platforms/iPhoneOS.platform/Developer/SDKs/iPhoneOS14.1.sdk/System/Library/Frameworks (framework directory)]
  ignore line: [End of search list.]
  ignore line: [ "/Applications/Xcode.app/Contents/Developer/Toolchains/XcodeDefault.xctoolchain/usr/bin/clang" -cc1 -triple arm64-apple-ios9.0.0 -Wdeprecated-objc-isa-usage -Werror=deprecated-objc-isa-usage -Werror=implicit-function-declaration -emit-obj -fembed-bitcode=all -fembed-bitcode=all -disable-llvm-passes -faligned-alloc-unavailable -target-sdk-version=14.1 -target-abi darwinpcs -O0 -o /Users/zing/Demo/DDLTG/build/CMakeFiles/CMakeTmp/CMAKE_TRY_COMPILE.build/Debug-iphoneos/cmTC_9e0b3.build/Objects-normal/arm64/CMakeCCompilerABI.o -x ir /var/folders/4p/3nb0n7zn6fsglftjb7k2dv0c0000gn/T/CMakeCCompilerABI-dc7731.bc]
  ignore line: []
  ignore line: [Libtool Debug/libcmTC_9e0b3.a normal arm64]
  ignore line: [    cd /Users/zing/Demo/DDLTG/build/CMakeFiles/CMakeTmp]
  ignore line: [    /Applications/Xcode.app/Contents/Developer/Toolchains/XcodeDefault.xctoolchain/usr/bin/libtool -static -arch_only arm64 -D -syslibroot /Applications/Xcode.app/Contents/Developer/Platforms/iPhoneOS.platform/Developer/SDKs/iPhoneOS14.1.sdk -L/Users/zing/Demo/DDLTG/build/CMakeFiles/CMakeTmp/Debug -filelist /Users/zing/Demo/DDLTG/build/CMakeFiles/CMakeTmp/CMAKE_TRY_COMPILE.build/Debug-iphoneos/cmTC_9e0b3.build/Objects-normal/arm64/cmTC_9e0b3.LinkFileList -o /Users/zing/Demo/DDLTG/build/CMakeFiles/CMakeTmp/Debug/libcmTC_9e0b3.a]
  ignore line: []
  ignore line: [** BUILD SUCCEEDED **]
  ignore line: []
  ignore line: []
  ignore line: []
  implicit libs: []
  implicit dirs: []
  implicit fwks: []


Detecting CXX compiler ABI info compiled with the following output:
Change Dir: /Users/zing/Demo/DDLTG/build/CMakeFiles/CMakeTmp

Run Build Command(s):/usr/bin/xcodebuild -project CMAKE_TRY_COMPILE.xcodeproj build -target cmTC_998a8 -configuration Debug -hideShellScriptEnvironment && 2020-10-30 18:51:54.619 xcodebuild[24396:49483124] [MT] PluginLoading: Required plug-in compatibility UUID 6C8909A0-F208-4C21-9224-504F9A70056E for plug-in at path '~/Library/Application Support/Developer/Shared/Xcode/Plug-ins/OMColorSense.xcplugin' not present in DVTPlugInCompatibilityUUIDs
Command line invocation:
    /Applications/Xcode.app/Contents/Developer/usr/bin/xcodebuild -project CMAKE_TRY_COMPILE.xcodeproj build -target cmTC_998a8 -configuration Debug -hideShellScriptEnvironment

User defaults from command line:
    HideShellScriptEnvironment = YES

Prepare build
note: The Legacy Build System will be removed in a future release. You can configure the selected build system and this deprecation message in File > Project Settings.
=== BUILD TARGET cmTC_998a8 OF PROJECT CMAKE_TRY_COMPILE WITH CONFIGURATION Debug ===

Check dependencies

Write auxiliary files
/bin/mkdir -p /Users/zing/Demo/DDLTG/build/CMakeFiles/CMakeTmp/CMAKE_TRY_COMPILE.build/Debug-iphoneos/cmTC_998a8.build/Objects-normal/arm64
write-file /Users/zing/Demo/DDLTG/build/CMakeFiles/CMakeTmp/CMAKE_TRY_COMPILE.build/Debug-iphoneos/cmTC_998a8.build/Objects-normal/arm64/cmTC_998a8.LinkFileList

CompileC CMAKE_TRY_COMPILE.build/Debug-iphoneos/cmTC_998a8.build/Objects-normal/arm64/CMakeCXXCompilerABI.o /Applications/CMake.app/Contents/share/cmake-3.18/Modules/CMakeCXXCompilerABI.cpp normal arm64 c++ com.apple.compilers.llvm.clang.1_0.compiler
    cd /Users/zing/Demo/DDLTG/build/CMakeFiles/CMakeTmp
    /Applications/Xcode.app/Contents/Developer/Toolchains/XcodeDefault.xctoolchain/usr/bin/clang -x c++ -target arm64-apple-ios9.0 -fmessage-length=0 -fdiagnostics-show-note-include-stack -fmacro-backtrace-limit=0 -Wno-trigraphs -fpascal-strings -O0 -Wno-missing-field-initializers -Wno-missing-prototypes -Wno-return-type -Wno-non-virtual-dtor -Wno-overloaded-virtual -Wno-exit-time-destructors -Wno-missing-braces -Wparentheses -Wswitch -Wno-unused-function -Wno-unused-label -Wno-unused-parameter -Wno-unused-variable -Wunused-value -Wno-empty-body -Wno-uninitialized -Wno-unknown-pragmas -Wno-shadow -Wno-four-char-constants -Wno-conversion -Wno-constant-conversion -Wno-int-conversion -Wno-bool-conversion -Wno-enum-conversion -Wno-float-conversion -Wno-non-literal-null-conversion -Wno-objc-literal-conversion -Wshorten-64-to-32 -Wno-newline-eof -Wno-c++11-extensions -DCMAKE_INTDIR=\"Debug-iphoneos\" -isysroot /Applications/Xcode.app/Contents/Developer/Platforms/iPhoneOS.platform/Developer/SDKs/iPhoneOS14.1.sdk -fstrict-aliasing -Wdeprecated-declarations -Winvalid-offsetof -g -Wno-sign-conversion -Wno-infinite-recursion -Wno-move -Wno-comma -Wno-block-capture-autoreleasing -Wno-strict-prototypes -Wno-range-loop-analysis -Wno-semicolon-before-method-body -fembed-bitcode -I/Users/zing/Demo/DDLTG/build/CMakeFiles/CMakeTmp/Debug/include -I/Users/zing/Demo/DDLTG/build/CMakeFiles/CMakeTmp/CMAKE_TRY_COMPILE.build/Debug-iphoneos/cmTC_998a8.build/DerivedSources-normal/arm64 -I/Users/zing/Demo/DDLTG/build/CMakeFiles/CMakeTmp/CMAKE_TRY_COMPILE.build/Debug-iphoneos/cmTC_998a8.build/DerivedSources/arm64 -I/Users/zing/Demo/DDLTG/build/CMakeFiles/CMakeTmp/CMAKE_TRY_COMPILE.build/Debug-iphoneos/cmTC_998a8.build/DerivedSources -F/Users/zing/Demo/DDLTG/build/CMakeFiles/CMakeTmp/Debug -v -Wl,-v -MMD -MT dependencies -MF /Users/zing/Demo/DDLTG/build/CMakeFiles/CMakeTmp/CMAKE_TRY_COMPILE.build/Debug-iphoneos/cmTC_998a8.build/Objects-normal/arm64/CMakeCXXCompilerABI.d --serialize-diagnostics /Users/zing/Demo/DDLTG/build/CMakeFiles/CMakeTmp/CMAKE_TRY_COMPILE.build/Debug-iphoneos/cmTC_998a8.build/Objects-normal/arm64/CMakeCXXCompilerABI.dia -c /Applications/CMake.app/Contents/share/cmake-3.18/Modules/CMakeCXXCompilerABI.cpp -o /Users/zing/Demo/DDLTG/build/CMakeFiles/CMakeTmp/CMAKE_TRY_COMPILE.build/Debug-iphoneos/cmTC_998a8.build/Objects-normal/arm64/CMakeCXXCompilerABI.o
Apple clang version 12.0.0 (clang-1200.0.32.21)
Target: arm64-apple-ios9.0
Thread model: posix
InstalledDir: /Applications/Xcode.app/Contents/Developer/Toolchains/XcodeDefault.xctoolchain/usr/bin
clang: warning: -Wl,-v: 'linker' input unused [-Wunused-command-line-argument]
ignoring nonexistent directory "/Applications/Xcode.app/Contents/Developer/Platforms/iPhoneOS.platform/Developer/SDKs/iPhoneOS14.1.sdk/usr/include/c++/v1"
 "/Applications/Xcode.app/Contents/Developer/Toolchains/XcodeDefault.xctoolchain/usr/bin/clang" -cc1 -triple arm64-apple-ios9.0.0 -Wdeprecated-objc-isa-usage -Werror=deprecated-objc-isa-usage -Werror=implicit-function-declaration -emit-llvm-bc -disable-free -disable-llvm-verifier -discard-value-names -main-file-name CMakeCXXCompilerABI.cpp -mrelocation-model pic -pic-level 2 -mthread-model posix -mframe-pointer=non-leaf -fno-strict-return -masm-verbose -munwind-tables -faligned-alloc-unavailable -target-sdk-version=14.1 -target-cpu apple-a7 -target-feature +fp-armv8 -target-feature +neon -target-feature +crypto -target-feature +zcm -target-feature +zcz -target-feature +sha2 -target-feature +aes -target-abi darwinpcs -fallow-half-arguments-and-returns -dwarf-column-info -debug-info-kind=standalone -dwarf-version=4 -debugger-tuning=lldb -target-linker-version 609 -v -resource-dir /Applications/Xcode.app/Contents/Developer/Toolchains/XcodeDefault.xctoolchain/usr/lib/clang/12.0.0 -dependency-file /Users/zing/Demo/DDLTG/build/CMakeFiles/CMakeTmp/CMAKE_TRY_COMPILE.build/Debug-iphoneos/cmTC_998a8.build/Objects-normal/arm64/CMakeCXXCompilerABI.d -skip-unused-modulemap-deps -MT dependencies -isysroot /Applications/Xcode.app/Contents/Developer/Platforms/iPhoneOS.platform/Developer/SDKs/iPhoneOS14.1.sdk -D "CMAKE_INTDIR=\"Debug-iphoneos\"" -I /Users/zing/Demo/DDLTG/build/CMakeFiles/CMakeTmp/Debug/include -I /Users/zing/Demo/DDLTG/build/CMakeFiles/CMakeTmp/CMAKE_TRY_COMPILE.build/Debug-iphoneos/cmTC_998a8.build/DerivedSources-normal/arm64 -I /Users/zing/Demo/DDLTG/build/CMakeFiles/CMakeTmp/CMAKE_TRY_COMPILE.build/Debug-iphoneos/cmTC_998a8.build/DerivedSources/arm64 -I /Users/zing/Demo/DDLTG/build/CMakeFiles/CMakeTmp/CMAKE_TRY_COMPILE.build/Debug-iphoneos/cmTC_998a8.build/DerivedSources -F/Users/zing/Demo/DDLTG/build/CMakeFiles/CMakeTmp/Debug -stdlib=libc++ -internal-isystem /Applications/Xcode.app/Contents/Developer/Toolchains/XcodeDefault.xctoolchain/usr/bin/../include/c++/v1 -internal-isystem /Applications/Xcode.app/Contents/Developer/Platforms/iPhoneOS.platform/Developer/SDKs/iPhoneOS14.1.sdk/usr/local/include -internal-isystem /Applications/Xcode.app/Contents/Developer/Toolchains/XcodeDefault.xctoolchain/usr/lib/clang/12.0.0/include -internal-externc-isystem /Applications/Xcode.app/Contents/Developer/Platforms/iPhoneOS.platform/Developer/SDKs/iPhoneOS14.1.sdk/usr/include -internal-externc-isystem /Applications/Xcode.app/Contents/Developer/Toolchains/XcodeDefault.xctoolchain/usr/include -O0 -Wno-trigraphs -Wno-missing-field-initializers -Wno-missing-prototypes -Wno-return-type -Wno-non-virtual-dtor -Wno-overloaded-virtual -Wno-exit-time-destructors -Wno-missing-braces -Wparentheses -Wswitch -Wno-unused-function -Wno-unused-label -Wno-unused-parameter -Wno-unused-variable -Wunused-value -Wno-empty-body -Wno-uninitialized -Wno-unknown-pragmas -Wno-shadow -Wno-four-char-constants -Wno-conversion -Wno-constant-conversion -Wno-int-conversion -Wno-bool-conversion -Wno-enum-conversion -Wno-float-conversion -Wno-non-literal-null-conversion -Wno-objc-literal-conversion -Wshorten-64-to-32 -Wno-newline-eof -Wno-c++11-extensions -Wdeprecated-declarations -Winvalid-offsetof -Wno-sign-conversion -Wno-infinite-recursion -Wno-move -Wno-comma -Wno-block-capture-autoreleasing -Wno-strict-prototypes -Wno-range-loop-analysis -Wno-semicolon-before-method-body -Wno-reorder-init-list -Wno-implicit-int-float-conversion -Wno-c99-designator -Wno-final-dtor-non-final-class -Wno-extra-semi-stmt -Wno-misleading-indentation -Wno-quoted-include-in-framework-header -Wno-implicit-fallthrough -Wno-enum-enum-conversion -Wno-enum-float-conversion -fdeprecated-macro -fdebug-compilation-dir /Users/zing/Demo/DDLTG/build/CMakeFiles/CMakeTmp -ferror-limit 19 -fmacro-backtrace-limit 0 -fmessage-length 0 -stack-protector 1 -mdarwin-stkchk-strong-link -fblocks -fencode-extended-block-signature -fregister-global-dtors-with-atexit -fgnuc-version=4.2.1 -fobjc-runtime=ios-9.0.0 -fcxx-exceptions -fexceptions -fpascal-strings -fmax-type-align=16 -fdiagnostics-show-option -fdiagnostics-show-note-include-stack -serialize-diagnostic-file /Users/zing/Demo/DDLTG/build/CMakeFiles/CMakeTmp/CMAKE_TRY_COMPILE.build/Debug-iphoneos/cmTC_998a8.build/Objects-normal/arm64/CMakeCXXCompilerABI.dia -o /var/folders/4p/3nb0n7zn6fsglftjb7k2dv0c0000gn/T/CMakeCXXCompilerABI-0ef644.bc -x c++ /Applications/CMake.app/Contents/share/cmake-3.18/Modules/CMakeCXXCompilerABI.cpp
clang -cc1 version 12.0.0 (clang-1200.0.32.21) default target x86_64-apple-darwin19.6.0
ignoring nonexistent directory "/Users/zing/Demo/DDLTG/build/CMakeFiles/CMakeTmp/Debug/include"
ignoring nonexistent directory "/Users/zing/Demo/DDLTG/build/CMakeFiles/CMakeTmp/CMAKE_TRY_COMPILE.build/Debug-iphoneos/cmTC_998a8.build/DerivedSources-normal/arm64"
ignoring nonexistent directory "/Users/zing/Demo/DDLTG/build/CMakeFiles/CMakeTmp/CMAKE_TRY_COMPILE.build/Debug-iphoneos/cmTC_998a8.build/DerivedSources/arm64"
ignoring nonexistent directory "/Users/zing/Demo/DDLTG/build/CMakeFiles/CMakeTmp/CMAKE_TRY_COMPILE.build/Debug-iphoneos/cmTC_998a8.build/DerivedSources"
ignoring nonexistent directory "/Users/zing/Demo/DDLTG/build/CMakeFiles/CMakeTmp/Debug"
ignoring nonexistent directory "/Applications/Xcode.app/Contents/Developer/Platforms/iPhoneOS.platform/Developer/SDKs/iPhoneOS14.1.sdk/usr/local/include"
ignoring nonexistent directory "/Applications/Xcode.app/Contents/Developer/Platforms/iPhoneOS.platform/Developer/SDKs/iPhoneOS14.1.sdk/Library/Frameworks"
#include "..." search starts here:
#include <...> search starts here:
 /Applications/Xcode.app/Contents/Developer/Toolchains/XcodeDefault.xctoolchain/usr/bin/../include/c++/v1
 /Applications/Xcode.app/Contents/Developer/Toolchains/XcodeDefault.xctoolchain/usr/lib/clang/12.0.0/include
 /Applications/Xcode.app/Contents/Developer/Platforms/iPhoneOS.platform/Developer/SDKs/iPhoneOS14.1.sdk/usr/include
 /Applications/Xcode.app/Contents/Developer/Toolchains/XcodeDefault.xctoolchain/usr/include
 /Applications/Xcode.app/Contents/Developer/Platforms/iPhoneOS.platform/Developer/SDKs/iPhoneOS14.1.sdk/System/Library/Frameworks (framework directory)
End of search list.
 "/Applications/Xcode.app/Contents/Developer/Toolchains/XcodeDefault.xctoolchain/usr/bin/clang" -cc1 -triple arm64-apple-ios9.0.0 -Wdeprecated-objc-isa-usage -Werror=deprecated-objc-isa-usage -Werror=implicit-function-declaration -emit-obj -fembed-bitcode=all -fembed-bitcode=all -disable-llvm-passes -faligned-alloc-unavailable -target-sdk-version=14.1 -target-abi darwinpcs -O0 -o /Users/zing/Demo/DDLTG/build/CMakeFiles/CMakeTmp/CMAKE_TRY_COMPILE.build/Debug-iphoneos/cmTC_998a8.build/Objects-normal/arm64/CMakeCXXCompilerABI.o -x ir /var/folders/4p/3nb0n7zn6fsglftjb7k2dv0c0000gn/T/CMakeCXXCompilerABI-0ef644.bc

Libtool Debug/libcmTC_998a8.a normal arm64
    cd /Users/zing/Demo/DDLTG/build/CMakeFiles/CMakeTmp
    /Applications/Xcode.app/Contents/Developer/Toolchains/XcodeDefault.xctoolchain/usr/bin/libtool -static -arch_only arm64 -D -syslibroot /Applications/Xcode.app/Contents/Developer/Platforms/iPhoneOS.platform/Developer/SDKs/iPhoneOS14.1.sdk -L/Users/zing/Demo/DDLTG/build/CMakeFiles/CMakeTmp/Debug -filelist /Users/zing/Demo/DDLTG/build/CMakeFiles/CMakeTmp/CMAKE_TRY_COMPILE.build/Debug-iphoneos/cmTC_998a8.build/Objects-normal/arm64/cmTC_998a8.LinkFileList -o /Users/zing/Demo/DDLTG/build/CMakeFiles/CMakeTmp/Debug/libcmTC_998a8.a

** BUILD SUCCEEDED **




Parsed CXX implicit include dir info from above output: rv=done
  found start of include info
  found start of implicit include info
    add: [/Applications/Xcode.app/Contents/Developer/Toolchains/XcodeDefault.xctoolchain/usr/bin/../include/c++/v1]
    add: [/Applications/Xcode.app/Contents/Developer/Toolchains/XcodeDefault.xctoolchain/usr/lib/clang/12.0.0/include]
    add: [/Applications/Xcode.app/Contents/Developer/Platforms/iPhoneOS.platform/Developer/SDKs/iPhoneOS14.1.sdk/usr/include]
    add: [/Applications/Xcode.app/Contents/Developer/Toolchains/XcodeDefault.xctoolchain/usr/include]
  end of search list found
  collapse include dir [/Applications/Xcode.app/Contents/Developer/Toolchains/XcodeDefault.xctoolchain/usr/bin/../include/c++/v1] ==> [/Applications/Xcode.app/Contents/Developer/Toolchains/XcodeDefault.xctoolchain/usr/include/c++/v1]
  collapse include dir [/Applications/Xcode.app/Contents/Developer/Toolchains/XcodeDefault.xctoolchain/usr/lib/clang/12.0.0/include] ==> [/Applications/Xcode.app/Contents/Developer/Toolchains/XcodeDefault.xctoolchain/usr/lib/clang/12.0.0/include]
  collapse include dir [/Applications/Xcode.app/Contents/Developer/Platforms/iPhoneOS.platform/Developer/SDKs/iPhoneOS14.1.sdk/usr/include] ==> [/Applications/Xcode.app/Contents/Developer/Platforms/iPhoneOS.platform/Developer/SDKs/iPhoneOS14.1.sdk/usr/include]
  collapse include dir [/Applications/Xcode.app/Contents/Developer/Toolchains/XcodeDefault.xctoolchain/usr/include] ==> [/Applications/Xcode.app/Contents/Developer/Toolchains/XcodeDefault.xctoolchain/usr/include]
  implicit include dirs: [/Applications/Xcode.app/Contents/Developer/Toolchains/XcodeDefault.xctoolchain/usr/include/c++/v1;/Applications/Xcode.app/Contents/Developer/Toolchains/XcodeDefault.xctoolchain/usr/lib/clang/12.0.0/include;/Applications/Xcode.app/Contents/Developer/Platforms/iPhoneOS.platform/Developer/SDKs/iPhoneOS14.1.sdk/usr/include;/Applications/Xcode.app/Contents/Developer/Toolchains/XcodeDefault.xctoolchain/usr/include]


Parsed CXX implicit link information from above output:
  link line regex: [^( *|.*[/\])(ld|CMAKE_LINK_STARTFILE-NOTFOUND|([^/\]+-)?ld|collect2)[^/\]*( |$)]
  ignore line: [Change Dir: /Users/zing/Demo/DDLTG/build/CMakeFiles/CMakeTmp]
  ignore line: []
  ignore line: [Run Build Command(s):/usr/bin/xcodebuild -project CMAKE_TRY_COMPILE.xcodeproj build -target cmTC_998a8 -configuration Debug -hideShellScriptEnvironment && 2020-10-30 18:51:54.619 xcodebuild[24396:49483124] [MT] PluginLoading: Required plug-in compatibility UUID 6C8909A0-F208-4C21-9224-504F9A70056E for plug-in at path '~/Library/Application Support/Developer/Shared/Xcode/Plug-ins/OMColorSense.xcplugin' not present in DVTPlugInCompatibilityUUIDs]
  ignore line: [Command line invocation:]
  ignore line: [    /Applications/Xcode.app/Contents/Developer/usr/bin/xcodebuild -project CMAKE_TRY_COMPILE.xcodeproj build -target cmTC_998a8 -configuration Debug -hideShellScriptEnvironment]
  ignore line: []
  ignore line: [User defaults from command line:]
  ignore line: [    HideShellScriptEnvironment = YES]
  ignore line: []
  ignore line: [Prepare build]
  ignore line: [note: The Legacy Build System will be removed in a future release. You can configure the selected build system and this deprecation message in File > Project Settings.]
  ignore line: [=== BUILD TARGET cmTC_998a8 OF PROJECT CMAKE_TRY_COMPILE WITH CONFIGURATION Debug ===]
  ignore line: []
  ignore line: [Check dependencies]
  ignore line: []
  ignore line: [Write auxiliary files]
  ignore line: [/bin/mkdir -p /Users/zing/Demo/DDLTG/build/CMakeFiles/CMakeTmp/CMAKE_TRY_COMPILE.build/Debug-iphoneos/cmTC_998a8.build/Objects-normal/arm64]
  ignore line: [write-file /Users/zing/Demo/DDLTG/build/CMakeFiles/CMakeTmp/CMAKE_TRY_COMPILE.build/Debug-iphoneos/cmTC_998a8.build/Objects-normal/arm64/cmTC_998a8.LinkFileList]
  ignore line: []
  ignore line: [CompileC CMAKE_TRY_COMPILE.build/Debug-iphoneos/cmTC_998a8.build/Objects-normal/arm64/CMakeCXXCompilerABI.o /Applications/CMake.app/Contents/share/cmake-3.18/Modules/CMakeCXXCompilerABI.cpp normal arm64 c++ com.apple.compilers.llvm.clang.1_0.compiler]
  ignore line: [    cd /Users/zing/Demo/DDLTG/build/CMakeFiles/CMakeTmp]
  ignore line: [    /Applications/Xcode.app/Contents/Developer/Toolchains/XcodeDefault.xctoolchain/usr/bin/clang -x c++ -target arm64-apple-ios9.0 -fmessage-length=0 -fdiagnostics-show-note-include-stack -fmacro-backtrace-limit=0 -Wno-trigraphs -fpascal-strings -O0 -Wno-missing-field-initializers -Wno-missing-prototypes -Wno-return-type -Wno-non-virtual-dtor -Wno-overloaded-virtual -Wno-exit-time-destructors -Wno-missing-braces -Wparentheses -Wswitch -Wno-unused-function -Wno-unused-label -Wno-unused-parameter -Wno-unused-variable -Wunused-value -Wno-empty-body -Wno-uninitialized -Wno-unknown-pragmas -Wno-shadow -Wno-four-char-constants -Wno-conversion -Wno-constant-conversion -Wno-int-conversion -Wno-bool-conversion -Wno-enum-conversion -Wno-float-conversion -Wno-non-literal-null-conversion -Wno-objc-literal-conversion -Wshorten-64-to-32 -Wno-newline-eof -Wno-c++11-extensions -DCMAKE_INTDIR=\"Debug-iphoneos\" -isysroot /Applications/Xcode.app/Contents/Developer/Platforms/iPhoneOS.platform/Developer/SDKs/iPhoneOS14.1.sdk -fstrict-aliasing -Wdeprecated-declarations -Winvalid-offsetof -g -Wno-sign-conversion -Wno-infinite-recursion -Wno-move -Wno-comma -Wno-block-capture-autoreleasing -Wno-strict-prototypes -Wno-range-loop-analysis -Wno-semicolon-before-method-body -fembed-bitcode -I/Users/zing/Demo/DDLTG/build/CMakeFiles/CMakeTmp/Debug/include -I/Users/zing/Demo/DDLTG/build/CMakeFiles/CMakeTmp/CMAKE_TRY_COMPILE.build/Debug-iphoneos/cmTC_998a8.build/DerivedSources-normal/arm64 -I/Users/zing/Demo/DDLTG/build/CMakeFiles/CMakeTmp/CMAKE_TRY_COMPILE.build/Debug-iphoneos/cmTC_998a8.build/DerivedSources/arm64 -I/Users/zing/Demo/DDLTG/build/CMakeFiles/CMakeTmp/CMAKE_TRY_COMPILE.build/Debug-iphoneos/cmTC_998a8.build/DerivedSources -F/Users/zing/Demo/DDLTG/build/CMakeFiles/CMakeTmp/Debug -v -Wl -v -MMD -MT dependencies -MF /Users/zing/Demo/DDLTG/build/CMakeFiles/CMakeTmp/CMAKE_TRY_COMPILE.build/Debug-iphoneos/cmTC_998a8.build/Objects-normal/arm64/CMakeCXXCompilerABI.d --serialize-diagnostics /Users/zing/Demo/DDLTG/build/CMakeFiles/CMakeTmp/CMAKE_TRY_COMPILE.build/Debug-iphoneos/cmTC_998a8.build/Objects-normal/arm64/CMakeCXXCompilerABI.dia -c /Applications/CMake.app/Contents/share/cmake-3.18/Modules/CMakeCXXCompilerABI.cpp -o /Users/zing/Demo/DDLTG/build/CMakeFiles/CMakeTmp/CMAKE_TRY_COMPILE.build/Debug-iphoneos/cmTC_998a8.build/Objects-normal/arm64/CMakeCXXCompilerABI.o]
  ignore line: [Apple clang version 12.0.0 (clang-1200.0.32.21)]
  ignore line: [Target: arm64-apple-ios9.0]
  ignore line: [Thread model: posix]
  ignore line: [InstalledDir: /Applications/Xcode.app/Contents/Developer/Toolchains/XcodeDefault.xctoolchain/usr/bin]
  ignore line: [clang: warning: -Wl -v: 'linker' input unused [-Wunused-command-line-argument]]
  ignore line: [ignoring nonexistent directory "/Applications/Xcode.app/Contents/Developer/Platforms/iPhoneOS.platform/Developer/SDKs/iPhoneOS14.1.sdk/usr/include/c++/v1"]
  ignore line: [ "/Applications/Xcode.app/Contents/Developer/Toolchains/XcodeDefault.xctoolchain/usr/bin/clang" -cc1 -triple arm64-apple-ios9.0.0 -Wdeprecated-objc-isa-usage -Werror=deprecated-objc-isa-usage -Werror=implicit-function-declaration -emit-llvm-bc -disable-free -disable-llvm-verifier -discard-value-names -main-file-name CMakeCXXCompilerABI.cpp -mrelocation-model pic -pic-level 2 -mthread-model posix -mframe-pointer=non-leaf -fno-strict-return -masm-verbose -munwind-tables -faligned-alloc-unavailable -target-sdk-version=14.1 -target-cpu apple-a7 -target-feature +fp-armv8 -target-feature +neon -target-feature +crypto -target-feature +zcm -target-feature +zcz -target-feature +sha2 -target-feature +aes -target-abi darwinpcs -fallow-half-arguments-and-returns -dwarf-column-info -debug-info-kind=standalone -dwarf-version=4 -debugger-tuning=lldb -target-linker-version 609 -v -resource-dir /Applications/Xcode.app/Contents/Developer/Toolchains/XcodeDefault.xctoolchain/usr/lib/clang/12.0.0 -dependency-file /Users/zing/Demo/DDLTG/build/CMakeFiles/CMakeTmp/CMAKE_TRY_COMPILE.build/Debug-iphoneos/cmTC_998a8.build/Objects-normal/arm64/CMakeCXXCompilerABI.d -skip-unused-modulemap-deps -MT dependencies -isysroot /Applications/Xcode.app/Contents/Developer/Platforms/iPhoneOS.platform/Developer/SDKs/iPhoneOS14.1.sdk -D "CMAKE_INTDIR=\"Debug-iphoneos\"" -I /Users/zing/Demo/DDLTG/build/CMakeFiles/CMakeTmp/Debug/include -I /Users/zing/Demo/DDLTG/build/CMakeFiles/CMakeTmp/CMAKE_TRY_COMPILE.build/Debug-iphoneos/cmTC_998a8.build/DerivedSources-normal/arm64 -I /Users/zing/Demo/DDLTG/build/CMakeFiles/CMakeTmp/CMAKE_TRY_COMPILE.build/Debug-iphoneos/cmTC_998a8.build/DerivedSources/arm64 -I /Users/zing/Demo/DDLTG/build/CMakeFiles/CMakeTmp/CMAKE_TRY_COMPILE.build/Debug-iphoneos/cmTC_998a8.build/DerivedSources -F/Users/zing/Demo/DDLTG/build/CMakeFiles/CMakeTmp/Debug -stdlib=libc++ -internal-isystem /Applications/Xcode.app/Contents/Developer/Toolchains/XcodeDefault.xctoolchain/usr/bin/../include/c++/v1 -internal-isystem /Applications/Xcode.app/Contents/Developer/Platforms/iPhoneOS.platform/Developer/SDKs/iPhoneOS14.1.sdk/usr/local/include -internal-isystem /Applications/Xcode.app/Contents/Developer/Toolchains/XcodeDefault.xctoolchain/usr/lib/clang/12.0.0/include -internal-externc-isystem /Applications/Xcode.app/Contents/Developer/Platforms/iPhoneOS.platform/Developer/SDKs/iPhoneOS14.1.sdk/usr/include -internal-externc-isystem /Applications/Xcode.app/Contents/Developer/Toolchains/XcodeDefault.xctoolchain/usr/include -O0 -Wno-trigraphs -Wno-missing-field-initializers -Wno-missing-prototypes -Wno-return-type -Wno-non-virtual-dtor -Wno-overloaded-virtual -Wno-exit-time-destructors -Wno-missing-braces -Wparentheses -Wswitch -Wno-unused-function -Wno-unused-label -Wno-unused-parameter -Wno-unused-variable -Wunused-value -Wno-empty-body -Wno-uninitialized -Wno-unknown-pragmas -Wno-shadow -Wno-four-char-constants -Wno-conversion -Wno-constant-conversion -Wno-int-conversion -Wno-bool-conversion -Wno-enum-conversion -Wno-float-conversion -Wno-non-literal-null-conversion -Wno-objc-literal-conversion -Wshorten-64-to-32 -Wno-newline-eof -Wno-c++11-extensions -Wdeprecated-declarations -Winvalid-offsetof -Wno-sign-conversion -Wno-infinite-recursion -Wno-move -Wno-comma -Wno-block-capture-autoreleasing -Wno-strict-prototypes -Wno-range-loop-analysis -Wno-semicolon-before-method-body -Wno-reorder-init-list -Wno-implicit-int-float-conversion -Wno-c99-designator -Wno-final-dtor-non-final-class -Wno-extra-semi-stmt -Wno-misleading-indentation -Wno-quoted-include-in-framework-header -Wno-implicit-fallthrough -Wno-enum-enum-conversion -Wno-enum-float-conversion -fdeprecated-macro -fdebug-compilation-dir /Users/zing/Demo/DDLTG/build/CMakeFiles/CMakeTmp -ferror-limit 19 -fmacro-backtrace-limit 0 -fmessage-length 0 -stack-protector 1 -mdarwin-stkchk-strong-link -fblocks -fencode-extended-block-signature -fregister-global-dtors-with-atexit -fgnuc-version=4.2.1 -fobjc-runtime=ios-9.0.0 -fcxx-exceptions -fexceptions -fpascal-strings -fmax-type-align=16 -fdiagnostics-show-option -fdiagnostics-show-note-include-stack -serialize-diagnostic-file /Users/zing/Demo/DDLTG/build/CMakeFiles/CMakeTmp/CMAKE_TRY_COMPILE.build/Debug-iphoneos/cmTC_998a8.build/Objects-normal/arm64/CMakeCXXCompilerABI.dia -o /var/folders/4p/3nb0n7zn6fsglftjb7k2dv0c0000gn/T/CMakeCXXCompilerABI-0ef644.bc -x c++ /Applications/CMake.app/Contents/share/cmake-3.18/Modules/CMakeCXXCompilerABI.cpp]
  ignore line: [clang -cc1 version 12.0.0 (clang-1200.0.32.21) default target x86_64-apple-darwin19.6.0]
  ignore line: [ignoring nonexistent directory "/Users/zing/Demo/DDLTG/build/CMakeFiles/CMakeTmp/Debug/include"]
  ignore line: [ignoring nonexistent directory "/Users/zing/Demo/DDLTG/build/CMakeFiles/CMakeTmp/CMAKE_TRY_COMPILE.build/Debug-iphoneos/cmTC_998a8.build/DerivedSources-normal/arm64"]
  ignore line: [ignoring nonexistent directory "/Users/zing/Demo/DDLTG/build/CMakeFiles/CMakeTmp/CMAKE_TRY_COMPILE.build/Debug-iphoneos/cmTC_998a8.build/DerivedSources/arm64"]
  ignore line: [ignoring nonexistent directory "/Users/zing/Demo/DDLTG/build/CMakeFiles/CMakeTmp/CMAKE_TRY_COMPILE.build/Debug-iphoneos/cmTC_998a8.build/DerivedSources"]
  ignore line: [ignoring nonexistent directory "/Users/zing/Demo/DDLTG/build/CMakeFiles/CMakeTmp/Debug"]
  ignore line: [ignoring nonexistent directory "/Applications/Xcode.app/Contents/Developer/Platforms/iPhoneOS.platform/Developer/SDKs/iPhoneOS14.1.sdk/usr/local/include"]
  ignore line: [ignoring nonexistent directory "/Applications/Xcode.app/Contents/Developer/Platforms/iPhoneOS.platform/Developer/SDKs/iPhoneOS14.1.sdk/Library/Frameworks"]
  ignore line: [#include "..." search starts here:]
  ignore line: [#include <...> search starts here:]
  ignore line: [ /Applications/Xcode.app/Contents/Developer/Toolchains/XcodeDefault.xctoolchain/usr/bin/../include/c++/v1]
  ignore line: [ /Applications/Xcode.app/Contents/Developer/Toolchains/XcodeDefault.xctoolchain/usr/lib/clang/12.0.0/include]
  ignore line: [ /Applications/Xcode.app/Contents/Developer/Platforms/iPhoneOS.platform/Developer/SDKs/iPhoneOS14.1.sdk/usr/include]
  ignore line: [ /Applications/Xcode.app/Contents/Developer/Toolchains/XcodeDefault.xctoolchain/usr/include]
  ignore line: [ /Applications/Xcode.app/Contents/Developer/Platforms/iPhoneOS.platform/Developer/SDKs/iPhoneOS14.1.sdk/System/Library/Frameworks (framework directory)]
  ignore line: [End of search list.]
  ignore line: [ "/Applications/Xcode.app/Contents/Developer/Toolchains/XcodeDefault.xctoolchain/usr/bin/clang" -cc1 -triple arm64-apple-ios9.0.0 -Wdeprecated-objc-isa-usage -Werror=deprecated-objc-isa-usage -Werror=implicit-function-declaration -emit-obj -fembed-bitcode=all -fembed-bitcode=all -disable-llvm-passes -faligned-alloc-unavailable -target-sdk-version=14.1 -target-abi darwinpcs -O0 -o /Users/zing/Demo/DDLTG/build/CMakeFiles/CMakeTmp/CMAKE_TRY_COMPILE.build/Debug-iphoneos/cmTC_998a8.build/Objects-normal/arm64/CMakeCXXCompilerABI.o -x ir /var/folders/4p/3nb0n7zn6fsglftjb7k2dv0c0000gn/T/CMakeCXXCompilerABI-0ef644.bc]
  ignore line: []
  ignore line: [Libtool Debug/libcmTC_998a8.a normal arm64]
  ignore line: [    cd /Users/zing/Demo/DDLTG/build/CMakeFiles/CMakeTmp]
  ignore line: [    /Applications/Xcode.app/Contents/Developer/Toolchains/XcodeDefault.xctoolchain/usr/bin/libtool -static -arch_only arm64 -D -syslibroot /Applications/Xcode.app/Contents/Developer/Platforms/iPhoneOS.platform/Developer/SDKs/iPhoneOS14.1.sdk -L/Users/zing/Demo/DDLTG/build/CMakeFiles/CMakeTmp/Debug -filelist /Users/zing/Demo/DDLTG/build/CMakeFiles/CMakeTmp/CMAKE_TRY_COMPILE.build/Debug-iphoneos/cmTC_998a8.build/Objects-normal/arm64/cmTC_998a8.LinkFileList -o /Users/zing/Demo/DDLTG/build/CMakeFiles/CMakeTmp/Debug/libcmTC_998a8.a]
  ignore line: []
  ignore line: [** BUILD SUCCEEDED **]
  ignore line: []
  ignore line: []
  ignore line: []
  implicit libs: []
  implicit dirs: []
  implicit fwks: []


